#
# There is insufficient memory for the Java Runtime Environment to continue.
# Native memory allocation (malloc) failed to allocate 262160 bytes for Chunk::new
# Possible reasons:
#   The system is out of physical RAM or swap space
#   The process is running with CompressedOops enabled, and the Java Heap may be blocking the growth of the native heap
# Possible solutions:
#   Reduce memory load on the system
#   Increase physical memory or swap space
#   Check if swap backing store is full
#   Decrease Java heap size (-Xmx/-Xms)
#   Decrease number of Java threads
#   Decrease Java thread stack sizes (-Xss)
#   Set larger code cache with -XX:ReservedCodeCacheSize=
#   JVM is running with Unscaled Compressed Oops mode in which the Java heap is
#     placed in the first 4GB address space. The Java Heap base address is the
#     maximum limit for the native heap growth. Please use -XX:HeapBaseMinAddress
#     to set the Java Heap base and to place the Java Heap above 4GB virtual address.
# This output file may be truncated or incomplete.
#
#  Out of Memory Error (allocation.cpp:389), pid=9816, tid=0x0000000000003e64
#
# JRE version: OpenJDK Runtime Environment (8.0_352-b08) (build 1.8.0_352-b08)
# Java VM: OpenJDK 64-Bit Server VM (25.352-b08 mixed mode windows-amd64 compressed oops)
# Failed to write core dump. Minidumps are not enabled by default on client versions of Windows
#

---------------  T H R E A D  ---------------

Current thread (0x0000023d2d233000):  JavaThread "C2 CompilerThread2" daemon [_thread_in_native, id=15972, stack(0x0000006a0b900000,0x0000006a0ba00000)]

Stack: [0x0000006a0b900000,0x0000006a0ba00000]
[error occurred during error reporting (printing stack bounds), id 0xc0000005]

Native frames: (J=compiled Java code, j=interpreted, Vv=VM code, C=native code)


Current CompileTask:
C2:   5790 4011       4       org.apache.catalina.startup.ContextConfig::populateSCIsForCacheEntry (192 bytes)


---------------  P R O C E S S  ---------------

Java Threads: ( => current thread )
  0x0000023d3073e000 JavaThread "localhost-startStop-1" daemon [_thread_in_native, id=5528, stack(0x0000006a0be00000,0x0000006a0bf00000)]
  0x0000023d31f6a800 JavaThread "Tomcat-startStop-1" daemon [_thread_blocked, id=7584, stack(0x0000006a0bd00000,0x0000006a0be00000)]
  0x0000023d2d2e6000 JavaThread "Service Thread" daemon [_thread_blocked, id=6796, stack(0x0000006a0bb00000,0x0000006a0bc00000)]
  0x0000023d2d238800 JavaThread "C1 CompilerThread3" daemon [_thread_blocked, id=17888, stack(0x0000006a0ba00000,0x0000006a0bb00000)]
=>0x0000023d2d233000 JavaThread "C2 CompilerThread2" daemon [_thread_in_native, id=15972, stack(0x0000006a0b900000,0x0000006a0ba00000)]
  0x0000023d2d230000 JavaThread "C2 CompilerThread1" daemon [_thread_in_native, id=21524, stack(0x0000006a0b800000,0x0000006a0b900000)]
  0x0000023d2d22d000 JavaThread "C2 CompilerThread0" daemon [_thread_in_native, id=10268, stack(0x0000006a0b700000,0x0000006a0b800000)]
  0x0000023d2d229000 JavaThread "Monitor Ctrl-Break" daemon [_thread_in_native, id=19248, stack(0x0000006a0b600000,0x0000006a0b700000)]
  0x0000023d2b4e6000 JavaThread "Attach Listener" daemon [_thread_blocked, id=10792, stack(0x0000006a0b500000,0x0000006a0b600000)]
  0x0000023d2b4e5000 JavaThread "Signal Dispatcher" daemon [_thread_blocked, id=12824, stack(0x0000006a0b400000,0x0000006a0b500000)]
  0x0000023d2b45b000 JavaThread "Finalizer" daemon [_thread_blocked, id=5300, stack(0x0000006a0b300000,0x0000006a0b400000)]
  0x0000023d2b454000 JavaThread "Reference Handler" daemon [_thread_blocked, id=8604, stack(0x0000006a0b200000,0x0000006a0b300000)]
  0x0000023d14d94000 JavaThread "main" [_thread_blocked, id=16028, stack(0x0000006a0a800000,0x0000006a0a900000)]

Other Threads:
  0x0000023d2b42a000 VMThread [stack: 0x0000006a0b100000,0x0000006a0b200000] [id=6380]
  0x0000023d2d2ea000 WatcherThread [stack: 0x0000006a0bc00000,0x0000006a0bd00000] [id=972]

VM state:not at safepoint (normal execution)

VM Mutex/Monitor currently owned by a thread: None

heap address: 0x0000000081c00000, size: 2020 MB, Compressed Oops mode: 32-bit
Narrow klass base: 0x0000000000000000, Narrow klass shift: 3
Compressed class space size: 1073741824 Address: 0x0000000100000000

Heap:
 PSYoungGen      total 117760K, used 96691K [0x00000000d5f00000, 0x00000000de680000, 0x0000000100000000)
  eden space 102912K, 79% used [0x00000000d5f00000,0x00000000daef1750,0x00000000dc380000)
  from space 14848K, 99% used [0x00000000dc380000,0x00000000dd1fb4f8,0x00000000dd200000)
  to   space 11776K, 0% used [0x00000000dd200000,0x00000000dd200000,0x00000000ddd80000)
 ParOldGen       total 62464K, used 30093K [0x0000000081c00000, 0x0000000085900000, 0x00000000d5f00000)
  object space 62464K, 48% used [0x0000000081c00000,0x0000000083963638,0x0000000085900000)
 Metaspace       used 24193K, capacity 24790K, committed 25088K, reserved 1071104K
  class space    used 2799K, capacity 2960K, committed 3072K, reserved 1048576K

Card table byte_map: [0x0000023d26020000,0x0000023d26420000] byte_map_base: 0x0000023d25c12000

Marking Bits: (ParMarkBitMap*) 0x000000006f9b7820
 Begin Bits: [0x0000023d266d0000, 0x0000023d28660000)
 End Bits:   [0x0000023d28660000, 0x0000023d2a5f0000)

Polling page: 0x0000023d14ff0000

CodeCache: size=245760Kb used=13088Kb max_used=14721Kb free=232671Kb
 bounds [0x0000023d16c60000, 0x0000023d17ae0000, 0x0000023d25c60000]
 total_blobs=3980 nmethods=3570 adapters=322
 compilation: enabled

Compilation events (10 events):
Event: 5.215 Thread 0x0000023d2d233000 nmethod 4009 0x0000023d16d7efd0 code [0x0000023d16d7f1a0, 0x0000023d16d7fc90]
Event: 5.215 Thread 0x0000023d2d233000 4010       4       java.util.jar.JarFile$JarEntryIterator::hasMoreElements (5 bytes)
Event: 5.217 Thread 0x0000023d2d233000 nmethod 4010 0x0000023d16dfb950 code [0x0000023d16dfbaa0, 0x0000023d16dfbd98]
Event: 5.260 Thread 0x0000023d2d233000 4011       4       org.apache.catalina.startup.ContextConfig::populateSCIsForCacheEntry (192 bytes)
Event: 5.343 Thread 0x0000023d2d238800 4016       3       java.util.zip.Inflater::finalize (5 bytes)
Event: 5.343 Thread 0x0000023d2d238800 nmethod 4016 0x0000023d16e45d90 code [0x0000023d16e45f00, 0x0000023d16e460b0]
Event: 5.399 Thread 0x0000023d2d238800 4018       3       org.apache.tomcat.util.bcel.classfile.ArrayElementValue::<init> (45 bytes)
Event: 5.400 Thread 0x0000023d2d238800 nmethod 4018 0x0000023d16f05210 code [0x0000023d16f05400, 0x0000023d16f05d20]
Event: 5.525 Thread 0x0000023d2d238800 4021       3       org.apache.tomcat.util.bcel.classfile.EnumElementValue::<init> (51 bytes)
Event: 5.526 Thread 0x0000023d2d238800 nmethod 4021 0x0000023d16fb9bd0 code [0x0000023d16fb9dc0, 0x0000023d16fba6c0]

GC Heap History (10 events):
Event: 3.672 GC heap before
{Heap before GC invocations=6 (full 0):
 PSYoungGen      total 71680K, used 22410K [0x00000000d5f00000, 0x00000000daa00000, 0x0000000100000000)
  eden space 66560K, 25% used [0x00000000d5f00000,0x00000000d6fe49f8,0x00000000da000000)
  from space 5120K, 99% used [0x00000000da000000,0x00000000da4fe010,0x00000000da500000)
  to   space 5120K, 0% used [0x00000000da500000,0x00000000da500000,0x00000000daa00000)
 ParOldGen       total 87552K, used 11833K [0x0000000081c00000, 0x0000000087180000, 0x00000000d5f00000)
  object space 87552K, 13% used [0x0000000081c00000,0x000000008278e450,0x0000000087180000)
 Metaspace       used 20701K, capacity 21202K, committed 21248K, reserved 1069056K
  class space    used 2411K, capacity 2554K, committed 2560K, reserved 1048576K
Event: 3.683 GC heap after
Heap after GC invocations=6 (full 0):
 PSYoungGen      total 71680K, used 5112K [0x00000000d5f00000, 0x00000000daa00000, 0x0000000100000000)
  eden space 66560K, 0% used [0x00000000d5f00000,0x00000000d5f00000,0x00000000da000000)
  from space 5120K, 99% used [0x00000000da500000,0x00000000da9fe030,0x00000000daa00000)
  to   space 5120K, 0% used [0x00000000da000000,0x00000000da000000,0x00000000da500000)
 ParOldGen       total 87552K, used 13832K [0x0000000081c00000, 0x0000000087180000, 0x00000000d5f00000)
  object space 87552K, 15% used [0x0000000081c00000,0x0000000082982328,0x0000000087180000)
 Metaspace       used 20701K, capacity 21202K, committed 21248K, reserved 1069056K
  class space    used 2411K, capacity 2554K, committed 2560K, reserved 1048576K
}
Event: 3.683 GC heap before
{Heap before GC invocations=7 (full 1):
 PSYoungGen      total 71680K, used 5112K [0x00000000d5f00000, 0x00000000daa00000, 0x0000000100000000)
  eden space 66560K, 0% used [0x00000000d5f00000,0x00000000d5f00000,0x00000000da000000)
  from space 5120K, 99% used [0x00000000da500000,0x00000000da9fe030,0x00000000daa00000)
  to   space 5120K, 0% used [0x00000000da000000,0x00000000da000000,0x00000000da500000)
 ParOldGen       total 87552K, used 13832K [0x0000000081c00000, 0x0000000087180000, 0x00000000d5f00000)
  object space 87552K, 15% used [0x0000000081c00000,0x0000000082982328,0x0000000087180000)
 Metaspace       used 20701K, capacity 21202K, committed 21248K, reserved 1069056K
  class space    used 2411K, capacity 2554K, committed 2560K, reserved 1048576K
Event: 3.732 GC heap after
Heap after GC invocations=7 (full 1):
 PSYoungGen      total 71680K, used 0K [0x00000000d5f00000, 0x00000000daa00000, 0x0000000100000000)
  eden space 66560K, 0% used [0x00000000d5f00000,0x00000000d5f00000,0x00000000da000000)
  from space 5120K, 0% used [0x00000000da500000,0x00000000da500000,0x00000000daa00000)
  to   space 5120K, 0% used [0x00000000da000000,0x00000000da000000,0x00000000da500000)
 ParOldGen       total 62464K, used 10994K [0x0000000081c00000, 0x0000000085900000, 0x00000000d5f00000)
  object space 62464K, 17% used [0x0000000081c00000,0x00000000826bc810,0x0000000085900000)
 Metaspace       used 20701K, capacity 21202K, committed 21248K, reserved 1069056K
  class space    used 2411K, capacity 2554K, committed 2560K, reserved 1048576K
}
Event: 4.534 GC heap before
{Heap before GC invocations=8 (full 1):
 PSYoungGen      total 71680K, used 66560K [0x00000000d5f00000, 0x00000000daa00000, 0x0000000100000000)
  eden space 66560K, 100% used [0x00000000d5f00000,0x00000000da000000,0x00000000da000000)
  from space 5120K, 0% used [0x00000000da500000,0x00000000da500000,0x00000000daa00000)
  to   space 5120K, 0% used [0x00000000da000000,0x00000000da000000,0x00000000da500000)
 ParOldGen       total 62464K, used 10994K [0x0000000081c00000, 0x0000000085900000, 0x00000000d5f00000)
  object space 62464K, 17% used [0x0000000081c00000,0x00000000826bc810,0x0000000085900000)
 Metaspace       used 24150K, capacity 24758K, committed 24960K, reserved 1071104K
  class space    used 2797K, capacity 2928K, committed 2944K, reserved 1048576K
Event: 4.545 GC heap after
Heap after GC invocations=8 (full 1):
 PSYoungGen      total 71680K, used 5119K [0x00000000d5f00000, 0x00000000ddd80000, 0x0000000100000000)
  eden space 66560K, 0% used [0x00000000d5f00000,0x00000000d5f00000,0x00000000da000000)
  from space 5120K, 99% used [0x00000000da000000,0x00000000da4fff30,0x00000000da500000)
  to   space 11776K, 0% used [0x00000000dd200000,0x00000000dd200000,0x00000000ddd80000)
 ParOldGen       total 62464K, used 18001K [0x0000000081c00000, 0x0000000085900000, 0x00000000d5f00000)
  object space 62464K, 28% used [0x0000000081c00000,0x0000000082d94440,0x0000000085900000)
 Metaspace       used 24150K, capacity 24758K, committed 24960K, reserved 1071104K
  class space    used 2797K, capacity 2928K, committed 2944K, reserved 1048576K
}
Event: 4.880 GC heap before
{Heap before GC invocations=9 (full 1):
 PSYoungGen      total 71680K, used 71679K [0x00000000d5f00000, 0x00000000ddd80000, 0x0000000100000000)
  eden space 66560K, 100% used [0x00000000d5f00000,0x00000000da000000,0x00000000da000000)
  from space 5120K, 99% used [0x00000000da000000,0x00000000da4fff30,0x00000000da500000)
  to   space 11776K, 0% used [0x00000000dd200000,0x00000000dd200000,0x00000000ddd80000)
 ParOldGen       total 62464K, used 18001K [0x0000000081c00000, 0x0000000085900000, 0x00000000d5f00000)
  object space 62464K, 28% used [0x0000000081c00000,0x0000000082d94440,0x0000000085900000)
 Metaspace       used 24188K, capacity 24790K, committed 25088K, reserved 1071104K
  class space    used 2799K, capacity 2960K, committed 3072K, reserved 1048576K
Event: 4.893 GC heap after
Heap after GC invocations=9 (full 1):
 PSYoungGen      total 114688K, used 11761K [0x00000000d5f00000, 0x00000000de680000, 0x0000000100000000)
  eden space 102912K, 0% used [0x00000000d5f00000,0x00000000d5f00000,0x00000000dc380000)
  from space 11776K, 99% used [0x00000000dd200000,0x00000000ddd7c510,0x00000000ddd80000)
  to   space 14848K, 0% used [0x00000000dc380000,0x00000000dc380000,0x00000000dd200000)
 ParOldGen       total 62464K, used 22350K [0x0000000081c00000, 0x0000000085900000, 0x00000000d5f00000)
  object space 62464K, 35% used [0x0000000081c00000,0x00000000831d3bb8,0x0000000085900000)
 Metaspace       used 24188K, capacity 24790K, committed 25088K, reserved 1071104K
  class space    used 2799K, capacity 2960K, committed 3072K, reserved 1048576K
}
Event: 5.321 GC heap before
{Heap before GC invocations=10 (full 1):
 PSYoungGen      total 114688K, used 114673K [0x00000000d5f00000, 0x00000000de680000, 0x0000000100000000)
  eden space 102912K, 100% used [0x00000000d5f00000,0x00000000dc380000,0x00000000dc380000)
  from space 11776K, 99% used [0x00000000dd200000,0x00000000ddd7c510,0x00000000ddd80000)
  to   space 14848K, 0% used [0x00000000dc380000,0x00000000dc380000,0x00000000dd200000)
 ParOldGen       total 62464K, used 22350K [0x0000000081c00000, 0x0000000085900000, 0x00000000d5f00000)
  object space 62464K, 35% used [0x0000000081c00000,0x00000000831d3bb8,0x0000000085900000)
 Metaspace       used 24192K, capacity 24790K, committed 25088K, reserved 1071104K
  class space    used 2799K, capacity 2960K, committed 3072K, reserved 1048576K
Event: 5.337 GC heap after
Heap after GC invocations=10 (full 1):
 PSYoungGen      total 117760K, used 14829K [0x00000000d5f00000, 0x00000000de680000, 0x0000000100000000)
  eden space 102912K, 0% used [0x00000000d5f00000,0x00000000d5f00000,0x00000000dc380000)
  from space 14848K, 99% used [0x00000000dc380000,0x00000000dd1fb4f8,0x00000000dd200000)
  to   space 11776K, 0% used [0x00000000dd200000,0x00000000dd200000,0x00000000ddd80000)
 ParOldGen       total 62464K, used 30093K [0x0000000081c00000, 0x0000000085900000, 0x00000000d5f00000)
  object space 62464K, 48% used [0x0000000081c00000,0x0000000083963638,0x0000000085900000)
 Metaspace       used 24192K, capacity 24790K, committed 25088K, reserved 1071104K
  class space    used 2799K, capacity 2960K, committed 3072K, reserved 1048576K
}

Deoptimization events (10 events):
Event: 4.065 Thread 0x0000023d3073e000 Uncommon trap: reason=unstable_if action=reinterpret pc=0x0000023d16f0d1dc method=java.lang.AbstractStringBuilder.append(Ljava/lang/String;)Ljava/lang/AbstractStringBuilder; @ 1
Event: 4.066 Thread 0x0000023d3073e000 Uncommon trap: reason=unstable_if action=reinterpret pc=0x0000023d16e9054c method=java.lang.AbstractStringBuilder.append(Ljava/lang/String;)Ljava/lang/AbstractStringBuilder; @ 1
Event: 4.082 Thread 0x0000023d3073e000 Uncommon trap: reason=unstable_if action=reinterpret pc=0x0000023d1768bd88 method=java.nio.charset.CharsetDecoder.decode(Ljava/nio/ByteBuffer;Ljava/nio/CharBuffer;Z)Ljava/nio/charset/CoderResult; @ 1
Event: 4.085 Thread 0x0000023d3073e000 Uncommon trap: reason=class_check action=maybe_recompile pc=0x0000023d17388070 method=java.util.Hashtable.addEntry(ILjava/lang/Object;Ljava/lang/Object;I)V @ 38
Event: 4.119 Thread 0x0000023d3073e000 Uncommon trap: reason=unstable_if action=reinterpret pc=0x0000023d1760c7a4 method=java.net.URL.isBuiltinStreamHandler(Ljava/net/URLStreamHandler;)Z @ 13
Event: 4.251 Thread 0x0000023d3073e000 Uncommon trap: reason=unstable_if action=reinterpret pc=0x0000023d177fc568 method=org.codehaus.plexus.classworlds.realm.Entry.matches(Ljava/lang/String;)Z @ 209
Event: 4.448 Thread 0x0000023d3073e000 Uncommon trap: reason=unloaded action=reinterpret pc=0x0000023d179fb364 method=org.apache.tomcat.util.bcel.classfile.Constant.readConstant(Ljava/io/DataInputStream;)Lorg/apache/tomcat/util/bcel/classfile/Constant; @ 146
Event: 4.498 Thread 0x0000023d3073e000 Uncommon trap: reason=unloaded action=reinterpret pc=0x0000023d17a2239c method=org.apache.tomcat.util.bcel.classfile.Constant.readConstant(Ljava/io/DataInputStream;)Lorg/apache/tomcat/util/bcel/classfile/Constant; @ 205
Event: 4.509 Thread 0x0000023d3073e000 Uncommon trap: reason=unstable_if action=reinterpret pc=0x0000023d17a03708 method=org.apache.tomcat.util.bcel.classfile.ConstantUtf8$1.removeEldestEntry(Ljava/util/Map$Entry;)Z @ 7
Event: 4.633 Thread 0x0000023d3073e000 Uncommon trap: reason=unloaded action=reinterpret pc=0x0000023d17a55b1c method=org.apache.tomcat.util.bcel.classfile.Attribute.readAttribute(Ljava/io/DataInputStream;Lorg/apache/tomcat/util/bcel/classfile/ConstantPool;)Lorg/apache/tomcat/util/bcel/classfi

Classes redefined (0 events):
No events

Internal exceptions (10 events):
Event: 1.481 Thread 0x0000023d14d94000 Exception <a 'java/lang/NoClassDefFoundError': com/google/inject/servlet/ServletModuleTargetVisitor> (0x00000000d6e289f0) thrown at [C:\wsjdk\Corretto8Src\installers\windows\zip\corretto-build\buildRoot\hotspot\src\share\vm\classfile\systemDictionary.cpp,
Event: 1.481 Thread 0x0000023d14d94000 Exception <a 'java/lang/NoClassDefFoundError'> (0x00000000d6e289f0) thrown at [C:\wsjdk\Corretto8Src\installers\windows\zip\corretto-build\buildRoot\hotspot\src\share\vm\prims\jvm.cpp, line 1518]
Event: 1.481 Thread 0x0000023d14d94000 Exception <a 'java/lang/NoClassDefFoundError': javax/annotation/Priority> (0x00000000d6e2d7e8) thrown at [C:\wsjdk\Corretto8Src\installers\windows\zip\corretto-build\buildRoot\hotspot\src\share\vm\classfile\systemDictionary.cpp, line 206]
Event: 1.558 Thread 0x0000023d14d94000 Implicit null exception at 0x0000023d16d7d355 to 0x0000023d16d7d529
Event: 1.924 Thread 0x0000023d14d94000 Implicit null exception at 0x0000023d16fde4db to 0x0000023d16fde965
Event: 1.924 Thread 0x0000023d14d94000 Implicit null exception at 0x0000023d16efaa95 to 0x0000023d16efac91
Event: 1.943 Thread 0x0000023d14d94000 Implicit null exception at 0x0000023d172d75ee to 0x0000023d172d896d
Event: 3.498 Thread 0x0000023d14d94000 Exception <a 'java/io/FileNotFoundException'> (0x00000000d63e7ba8) thrown at [C:\wsjdk\Corretto8Src\installers\windows\zip\corretto-build\buildRoot\hotspot\src\share\vm\prims\jni.cpp, line 711]
Event: 4.065 Thread 0x0000023d3073e000 Implicit null exception at 0x0000023d16f0ce14 to 0x0000023d16f0d1c5
Event: 4.066 Thread 0x0000023d3073e000 Implicit null exception at 0x0000023d16e90196 to 0x0000023d16e90535

Events (10 events):
Event: 5.526 Thread 0x0000023d2d238800 flushing nmethod 0x0000023d16e5d210
Event: 5.526 Thread 0x0000023d2d238800 flushing nmethod 0x0000023d16e74f90
Event: 5.526 Thread 0x0000023d2d238800 flushing nmethod 0x0000023d16e797d0
Event: 5.526 Thread 0x0000023d2d238800 flushing nmethod 0x0000023d16e8d110
Event: 5.526 Thread 0x0000023d2d238800 flushing nmethod 0x0000023d16e96fd0
Event: 5.526 Thread 0x0000023d2d238800 flushing nmethod 0x0000023d16ea07d0
Event: 5.526 Thread 0x0000023d2d238800 flushing nmethod 0x0000023d16ecd6d0
Event: 5.526 Thread 0x0000023d2d238800 flushing nmethod 0x0000023d16efdd10
Event: 5.526 Thread 0x0000023d2d238800 flushing nmethod 0x0000023d16f03a50
Event: 5.526 Thread 0x0000023d2d238800 flushing nmethod 0x0000023d16f08f10


Dynamic libraries:
0x00007ff78f770000 - 0x00007ff78f7aa000 	C:\Users\Administrator\.jdks\corretto-1.8.0_352\bin\java.exe
0x00007fff9e890000 - 0x00007fff9ea85000 	C:\Windows\SYSTEM32\ntdll.dll
0x00007fff9d960000 - 0x00007fff9da1e000 	C:\Windows\System32\KERNEL32.DLL
0x00007fff9c2e0000 - 0x00007fff9c5a8000 	C:\Windows\System32\KERNELBASE.dll
0x00007fff9dee0000 - 0x00007fff9df8c000 	C:\Windows\System32\ADVAPI32.dll
0x00007fff9de40000 - 0x00007fff9dede000 	C:\Windows\System32\msvcrt.dll
0x00007fff9d7a0000 - 0x00007fff9d83b000 	C:\Windows\System32\sechost.dll
0x00007fff9e4f0000 - 0x00007fff9e61a000 	C:\Windows\System32\RPCRT4.dll
0x00007fff9daf0000 - 0x00007fff9dc91000 	C:\Windows\System32\USER32.dll
0x00007fff9c2b0000 - 0x00007fff9c2d2000 	C:\Windows\System32\win32u.dll
0x00007fff9d480000 - 0x00007fff9d4ab000 	C:\Windows\System32\GDI32.dll
0x00007fff9c640000 - 0x00007fff9c74d000 	C:\Windows\System32\gdi32full.dll
0x00007fff9c750000 - 0x00007fff9c7ed000 	C:\Windows\System32\msvcp_win.dll
0x00007fff9c160000 - 0x00007fff9c260000 	C:\Windows\System32\ucrtbase.dll
0x00007fff99330000 - 0x00007fff995ca000 	C:\Windows\WinSxS\amd64_microsoft.windows.common-controls_6595b64144ccf1df_6.0.19041.1110_none_60b5254171f9507e\COMCTL32.dll
0x00007fff9cd00000 - 0x00007fff9cd30000 	C:\Windows\System32\IMM32.DLL
0x000000006fc70000 - 0x000000006fc7c000 	C:\Program Files (x86)\360\360Safe\safemon\SafeWrapper.dll
0x00007fff817b0000 - 0x00007fff81842000 	C:\Program Files (x86)\360\360Safe\safemon\libzdtp64.dll
0x00007fff9cd30000 - 0x00007fff9d474000 	C:\Windows\System32\SHELL32.dll
0x00007fff9e620000 - 0x00007fff9e675000 	C:\Windows\System32\SHLWAPI.dll
0x00007fff9bce0000 - 0x00007fff9bcea000 	C:\Windows\SYSTEM32\VERSION.dll
0x00007fff77800000 - 0x00007fff778ef000 	C:\Users\Administrator\.jdks\corretto-1.8.0_352\jre\bin\msvcr120.dll
0x00007fff77750000 - 0x00007fff777f6000 	C:\Users\Administrator\.jdks\corretto-1.8.0_352\jre\bin\msvcp120.dll
0x000000006f1c0000 - 0x000000006fa36000 	C:\Users\Administrator\.jdks\corretto-1.8.0_352\jre\bin\server\jvm.dll
0x00007fff9d4b0000 - 0x00007fff9d4b8000 	C:\Windows\System32\PSAPI.DLL
0x00007fff9aee0000 - 0x00007fff9aee9000 	C:\Windows\SYSTEM32\WSOCK32.dll
0x00007fff88e00000 - 0x00007fff88e27000 	C:\Windows\SYSTEM32\WINMM.dll
0x00007fff9da20000 - 0x00007fff9da8b000 	C:\Windows\System32\WS2_32.dll
0x00007fff96320000 - 0x00007fff9632f000 	C:\Users\Administrator\.jdks\corretto-1.8.0_352\jre\bin\verify.dll
0x00007fff94120000 - 0x00007fff94149000 	C:\Users\Administrator\.jdks\corretto-1.8.0_352\jre\bin\java.dll
0x00007fff8a120000 - 0x00007fff8a14a000 	C:\Users\Administrator\.jdks\corretto-1.8.0_352\jre\bin\instrument.dll
0x00007fff94100000 - 0x00007fff94116000 	C:\Users\Administrator\.jdks\corretto-1.8.0_352\jre\bin\zip.dll
0x00007fff99720000 - 0x00007fff99eb4000 	C:\Windows\SYSTEM32\windows.storage.dll
0x00007fff9c9a0000 - 0x00007fff9ccf5000 	C:\Windows\System32\combase.dll
0x00007fff9b510000 - 0x00007fff9b53e000 	C:\Windows\SYSTEM32\Wldp.dll
0x00007fff9dca0000 - 0x00007fff9dd4d000 	C:\Windows\System32\SHCORE.dll
0x00007fff9bee0000 - 0x00007fff9beff000 	C:\Windows\SYSTEM32\profapi.dll
0x00007fff95b80000 - 0x00007fff95b9a000 	D:\JavaCode\IDEA\idea\bin\breakgen64.dll
0x00007fff93b20000 - 0x00007fff93b3a000 	C:\Users\Administrator\.jdks\corretto-1.8.0_352\jre\bin\net.dll
0x00007fff9b290000 - 0x00007fff9b2fa000 	C:\Windows\system32\mswsock.dll
0x00007fff9bcb0000 - 0x00007fff9bcc8000 	C:\Windows\SYSTEM32\CRYPTSP.dll
0x00007fff9a6b0000 - 0x00007fff9a6e4000 	C:\Windows\system32\rsaenh.dll
0x00007fff9c8a0000 - 0x00007fff9c8c7000 	C:\Windows\System32\bcrypt.dll
0x00007fff9bea0000 - 0x00007fff9bece000 	C:\Windows\SYSTEM32\USERENV.dll
0x00007fff9c5b0000 - 0x00007fff9c632000 	C:\Windows\System32\bcryptprimitives.dll
0x00007fff9b480000 - 0x00007fff9b48c000 	C:\Windows\SYSTEM32\CRYPTBASE.dll
0x00007fff9af80000 - 0x00007fff9afbb000 	C:\Windows\SYSTEM32\IPHLPAPI.DLL
0x00007fff9e840000 - 0x00007fff9e848000 	C:\Windows\System32\NSI.dll
0x00007fff8c6f0000 - 0x00007fff8c707000 	C:\Windows\SYSTEM32\dhcpcsvc6.DLL
0x00007fff950b0000 - 0x00007fff950cd000 	C:\Windows\SYSTEM32\dhcpcsvc.DLL
0x00007fff9afc0000 - 0x00007fff9b08b000 	C:\Windows\SYSTEM32\DNSAPI.dll
0x00007fff89ea0000 - 0x00007fff89eb2000 	C:\Users\Administrator\.jdks\corretto-1.8.0_352\jre\bin\nio.dll
0x00007fff96490000 - 0x00007fff9649a000 	C:\Users\Administrator\AppData\Local\Temp\jansi-1.17.1-2720617994781155973.dll
0x00007fff88ab0000 - 0x00007fff88aba000 	C:\Users\Administrator\AppData\Local\Temp\jansi-1.17.1-4513556620001669994.dll
0x00007fff9af10000 - 0x00007fff9af1d000 	C:\Users\Administrator\.jdks\corretto-1.8.0_352\jre\bin\management.dll

VM Arguments:
jvm_args: -Dmaven.multiModuleProjectDirectory=D:\JavaCode\IDEA\javaee -Dmaven.home=E:\ideaMaven\apache-maven-3.6.3 -Dclassworlds.conf=E:\ideaMaven\apache-maven-3.6.3\bin\m2.conf -Dmaven.ext.class.path=D:\JavaCode\IDEA\idea\plugins\maven\lib\maven-event-listener.jar -javaagent:D:\JavaCode\IDEA\idea\lib\idea_rt.jar=53680:D:\JavaCode\IDEA\idea\bin -Dfile.encoding=UTF-8 
java_command: org.codehaus.classworlds.Launcher -Didea.version=2021.1.3 -s E:\ideaMaven\apache-maven-3.6.3\conf\settings.xml tomcat7:run
java_class_path (initial): E:\ideaMaven\apache-maven-3.6.3\boot\plexus-classworlds-2.6.0.jar;E:\ideaMaven\apache-maven-3.6.3\boot\plexus-classworlds.license;D:\JavaCode\IDEA\idea\lib\idea_rt.jar
Launcher Type: SUN_STANDARD

Environment Variables:
JAVA_HOME=D:\JavaCode\JDK11.6
PATH=E:\VM\VM15.5\bin\;%JAVA_HOME%\bin;E:\ideaMaven\apache-maven-3.6.3\bin;%IDEA_HOME%\bin;E:\app\Administrator\product\11.2.0\dbhome_1\bin;C:\Windows\system32;C:\Windows;C:\Windows\System32\Wbem;C:\Windows\System32\WindowsPowerShell\v1.0\;C:\Windows\System32\OpenSSH\;C:\Program Files\Microsoft SQL Server\Client SDK\ODBC\170\Tools\Binn\;C:\Program Files (x86)\Microsoft SQL Server\150\Tools\Binn\;C:\Program Files\Microsoft SQL Server\150\Tools\Binn\;C:\Program Files\Microsoft SQL Server\150\DTS\Binn\;C:\Program Files (x86)\Microsoft SQL Server\150\DTS\Binn\;C:\Program Files\Azure Data Studio\bin;C:\Program Files\dotnet\;D:\nodeJS\;D:\MySQL\Program Files\MySQL\MySQL Server 8.0\bin;E:\ideaMaven\apache-maven-3.6.3\bin;D:\GitHub\Git\cmd;E:\Redis\redis\;E:\ideaMaven\apache-maven-3.5.2\bin;D:\MySQL\Program Files\MySQL\MySQL Shell 8.0\bin\;C:\Users\Administrator\AppData\Local\Programs\Python\Python310\Scripts\;C:\Users\Administrator\AppData\Local\Programs\Python\Python310\;C:\Users\Administrator\AppData\Local\Microsoft\WindowsApps;D:\JavaCode\JDK11.6\bin;C:\Program Files\Azure Data Studio\bin;C:\Users\Administrator\.dotnet\tools;D:\Python Code\PyCharm\PyCharm Community Edition 2021.2\bin;;D:\vsCode\Microsoft VS Code\bin;C:\Users\Administrator\AppData\Roaming\npm;E:\phpstudy_pro\Extensions\php\php7.3.4nts;
USERNAME=Administrator
OS=Windows_NT
PROCESSOR_IDENTIFIER=Intel64 Family 6 Model 142 Stepping 11, GenuineIntel



---------------  S Y S T E M  ---------------

OS: Windows 10 , 64 bit Build 19041 (10.0.19041.1348)

CPU:total 8 (initial active 8) (4 cores per cpu, 2 threads per core) family 6 model 142 stepping 11, cmov, cx8, fxsr, mmx, sse, sse2, sse3, ssse3, sse4.1, sse4.2, popcnt, avx, avx2, aes, clmul, erms, 3dnowpref, lzcnt, ht, tsc, tscinvbit, bmi1, bmi2, adx

Memory: 4k page, physical 8273208k(2022468k free), swap 11642168k(4132k free)

vm_info: OpenJDK 64-Bit Server VM (25.352-b08) for windows-amd64 JRE (1.8.0_352-b08), built on Oct 14 2022 21:22:09 by "Administrator" with MS VC++ 12.0 (VS2013)

time: Sun Mar 19 10:46:27 2023
timezone: 中国标准时间
elapsed time: 5.794155 seconds (0d 0h 0m 5s)

