#
# There is insufficient memory for the Java Runtime Environment to continue.
# Native memory allocation (malloc) failed to allocate 131088 bytes for Chunk::new
# Possible reasons:
#   The system is out of physical RAM or swap space
#   The process is running with CompressedOops enabled, and the Java Heap may be blocking the growth of the native heap
# Possible solutions:
#   Reduce memory load on the system
#   Increase physical memory or swap space
#   Check if swap backing store is full
#   Decrease Java heap size (-Xmx/-Xms)
#   Decrease number of Java threads
#   Decrease Java thread stack sizes (-Xss)
#   Set larger code cache with -XX:ReservedCodeCacheSize=
#   JVM is running with Unscaled Compressed Oops mode in which the Java heap is
#     placed in the first 4GB address space. The Java Heap base address is the
#     maximum limit for the native heap growth. Please use -XX:HeapBaseMinAddress
#     to set the Java Heap base and to place the Java Heap above 4GB virtual address.
# This output file may be truncated or incomplete.
#
#  Out of Memory Error (allocation.cpp:389), pid=7212, tid=0x0000000000002ee8
#
# JRE version: OpenJDK Runtime Environment (8.0_352-b08) (build 1.8.0_352-b08)
# Java VM: OpenJDK 64-Bit Server VM (25.352-b08 mixed mode windows-amd64 compressed oops)
# Failed to write core dump. Minidumps are not enabled by default on client versions of Windows
#

---------------  T H R E A D  ---------------

Current thread (0x000001bf61d78000):  JavaThread "C2 CompilerThread2" daemon [_thread_in_native, id=12008, stack(0x0000003c43000000,0x0000003c43100000)]

Stack: [0x0000003c43000000,0x0000003c43100000]
[error occurred during error reporting (printing stack bounds), id 0xc0000005]

Native frames: (J=compiled Java code, j=interpreted, Vv=VM code, C=native code)


Current CompileTask:
C2:   6588 3984       4       java.net.URLClassLoader$1::run (5 bytes)


---------------  P R O C E S S  ---------------

Java Threads: ( => current thread )
  0x000001bf61d93800 JavaThread "Service Thread" daemon [_thread_blocked, id=6964, stack(0x0000003c43200000,0x0000003c43300000)]
  0x000001bf61d7d800 JavaThread "C1 CompilerThread3" daemon [_thread_blocked, id=8268, stack(0x0000003c43100000,0x0000003c43200000)]
=>0x000001bf61d78000 JavaThread "C2 CompilerThread2" daemon [_thread_in_native, id=12008, stack(0x0000003c43000000,0x0000003c43100000)]
  0x000001bf61d77000 JavaThread "C2 CompilerThread1" daemon [_thread_in_native, id=19184, stack(0x0000003c42f00000,0x0000003c43000000)]
  0x000001bf61d71000 JavaThread "C2 CompilerThread0" daemon [_thread_in_native, id=19316, stack(0x0000003c42e00000,0x0000003c42f00000)]
  0x000001bf61d6b800 JavaThread "Monitor Ctrl-Break" daemon [_thread_in_native, id=11316, stack(0x0000003c42d00000,0x0000003c42e00000)]
  0x000001bf60054000 JavaThread "Attach Listener" daemon [_thread_blocked, id=13276, stack(0x0000003c42c00000,0x0000003c42d00000)]
  0x000001bf60053800 JavaThread "Signal Dispatcher" daemon [_thread_blocked, id=11764, stack(0x0000003c42b00000,0x0000003c42c00000)]
  0x000001bf5ffdb800 JavaThread "Finalizer" daemon [_thread_blocked, id=3148, stack(0x0000003c42a00000,0x0000003c42b00000)]
  0x000001bf5ffd4000 JavaThread "Reference Handler" daemon [_thread_blocked, id=7016, stack(0x0000003c42900000,0x0000003c42a00000)]
  0x000001bf49a54000 JavaThread "main" [_thread_in_Java, id=15068, stack(0x0000003c41f00000,0x0000003c42000000)]

Other Threads:
  0x000001bf5ffa0800 VMThread [stack: 0x0000003c42800000,0x0000003c42900000] [id=20788]
  0x000001bf61d94800 WatcherThread [stack: 0x0000003c43300000,0x0000003c43400000] [id=2592]

VM state:not at safepoint (normal execution)

VM Mutex/Monitor currently owned by a thread: None

heap address: 0x0000000081c00000, size: 2020 MB, Compressed Oops mode: 32-bit
Narrow klass base: 0x0000000000000000, Narrow klass shift: 3
Compressed class space size: 1073741824 Address: 0x0000000100000000

Heap:
 PSYoungGen      total 38400K, used 8445K [0x00000000d5f00000, 0x00000000d8980000, 0x0000000100000000)
  eden space 33280K, 10% used [0x00000000d5f00000,0x00000000d6243260,0x00000000d7f80000)
  from space 5120K, 99% used [0x00000000d8480000,0x00000000d897c418,0x00000000d8980000)
  to   space 5120K, 0% used [0x00000000d7f80000,0x00000000d7f80000,0x00000000d8480000)
 ParOldGen       total 59392K, used 13468K [0x0000000081c00000, 0x0000000085600000, 0x00000000d5f00000)
  object space 59392K, 22% used [0x0000000081c00000,0x0000000082927338,0x0000000085600000)
 Metaspace       used 24302K, capacity 24870K, committed 25088K, reserved 1071104K
  class space    used 2859K, capacity 3010K, committed 3072K, reserved 1048576K

Card table byte_map: [0x000001bf5aba0000,0x000001bf5afa0000] byte_map_base: 0x000001bf5a792000

Marking Bits: (ParMarkBitMap*) 0x000000006f9b7820
 Begin Bits: [0x000001bf5b250000, 0x000001bf5d1e0000)
 End Bits:   [0x000001bf5d1e0000, 0x000001bf5f170000)

Polling page: 0x000001bf4b330000

CodeCache: size=245760Kb used=13957Kb max_used=13957Kb free=231802Kb
 bounds [0x000001bf4b7e0000, 0x000001bf4c590000, 0x000001bf5a7e0000]
 total_blobs=4419 nmethods=4009 adapters=321
 compilation: enabled

Compilation events (10 events):
Event: 6.565 Thread 0x000001bf61d7d800 nmethod 4014 0x000001bf4c579690 code [0x000001bf4c579820, 0x000001bf4c579b60]
Event: 6.565 Thread 0x000001bf61d7d800 4015       3       com.google.common.collect.LinkedHashMultimap::access$400 (6 bytes)
Event: 6.565 Thread 0x000001bf61d7d800 nmethod 4015 0x000001bf4c579cd0 code [0x000001bf4c579e40, 0x000001bf4c57a1b8]
Event: 6.565 Thread 0x000001bf61d7d800 4017       1       com.google.inject.internal.CycleDetectingLock$CycleDetectingLockFactory::access$000 (4 bytes)
Event: 6.566 Thread 0x000001bf61d7d800 nmethod 4017 0x000001bf4c57a350 code [0x000001bf4c57a4a0, 0x000001bf4c57a598]
Event: 6.566 Thread 0x000001bf61d7d800 4005       3       com.google.common.collect.AbstractListMultimap::put (7 bytes)
Event: 6.566 Thread 0x000001bf61d7d800 nmethod 4005 0x000001bf4c57a610 code [0x000001bf4c57a780, 0x000001bf4c57a910]
Event: 6.566 Thread 0x000001bf61d7d800 4004       3       com.google.common.collect.ArrayListMultimap::put (7 bytes)
Event: 6.566 Thread 0x000001bf61d7d800 nmethod 4004 0x000001bf4c57a9d0 code [0x000001bf4c57ab40, 0x000001bf4c57ad30]
Event: 6.566 Thread 0x000001bf61d7d800 3999   !   3       com.google.inject.internal.AbstractBindingProcessor::putBinding (175 bytes)

GC Heap History (10 events):
Event: 4.032 GC heap before
{Heap before GC invocations=5 (full 0):
 PSYoungGen      total 38400K, used 38376K [0x00000000d5f00000, 0x00000000d8980000, 0x0000000100000000)
  eden space 33280K, 100% used [0x00000000d5f00000,0x00000000d7f80000,0x00000000d7f80000)
  from space 5120K, 99% used [0x00000000d8480000,0x00000000d897a040,0x00000000d8980000)
  to   space 5120K, 0% used [0x00000000d7f80000,0x00000000d7f80000,0x00000000d8480000)
 ParOldGen       total 87552K, used 7669K [0x0000000081c00000, 0x0000000087180000, 0x00000000d5f00000)
  object space 87552K, 8% used [0x0000000081c00000,0x000000008237d5e8,0x0000000087180000)
 Metaspace       used 18849K, capacity 19298K, committed 19584K, reserved 1067008K
  class space    used 2223K, capacity 2322K, committed 2432K, reserved 1048576K
Event: 4.042 GC heap after
Heap after GC invocations=5 (full 0):
 PSYoungGen      total 38400K, used 5112K [0x00000000d5f00000, 0x00000000d8980000, 0x0000000100000000)
  eden space 33280K, 0% used [0x00000000d5f00000,0x00000000d5f00000,0x00000000d7f80000)
  from space 5120K, 99% used [0x00000000d7f80000,0x00000000d847e070,0x00000000d8480000)
  to   space 5120K, 0% used [0x00000000d8480000,0x00000000d8480000,0x00000000d8980000)
 ParOldGen       total 87552K, used 9582K [0x0000000081c00000, 0x0000000087180000, 0x00000000d5f00000)
  object space 87552K, 10% used [0x0000000081c00000,0x000000008255b880,0x0000000087180000)
 Metaspace       used 18849K, capacity 19298K, committed 19584K, reserved 1067008K
  class space    used 2223K, capacity 2322K, committed 2432K, reserved 1048576K
}
Event: 4.191 GC heap before
{Heap before GC invocations=6 (full 0):
 PSYoungGen      total 38400K, used 13871K [0x00000000d5f00000, 0x00000000d8980000, 0x0000000100000000)
  eden space 33280K, 26% used [0x00000000d5f00000,0x00000000d678de18,0x00000000d7f80000)
  from space 5120K, 99% used [0x00000000d7f80000,0x00000000d847e070,0x00000000d8480000)
  to   space 5120K, 0% used [0x00000000d8480000,0x00000000d8480000,0x00000000d8980000)
 ParOldGen       total 87552K, used 9582K [0x0000000081c00000, 0x0000000087180000, 0x00000000d5f00000)
  object space 87552K, 10% used [0x0000000081c00000,0x000000008255b880,0x0000000087180000)
 Metaspace       used 20663K, capacity 21154K, committed 21296K, reserved 1069056K
  class space    used 2490K, capacity 2642K, committed 2688K, reserved 1048576K
Event: 4.199 GC heap after
Heap after GC invocations=6 (full 0):
 PSYoungGen      total 38400K, used 5112K [0x00000000d5f00000, 0x00000000d8980000, 0x0000000100000000)
  eden space 33280K, 0% used [0x00000000d5f00000,0x00000000d5f00000,0x00000000d7f80000)
  from space 5120K, 99% used [0x00000000d8480000,0x00000000d897e030,0x00000000d8980000)
  to   space 5120K, 0% used [0x00000000d7f80000,0x00000000d7f80000,0x00000000d8480000)
 ParOldGen       total 87552K, used 10182K [0x0000000081c00000, 0x0000000087180000, 0x00000000d5f00000)
  object space 87552K, 11% used [0x0000000081c00000,0x00000000825f1890,0x0000000087180000)
 Metaspace       used 20663K, capacity 21154K, committed 21296K, reserved 1069056K
  class space    used 2490K, capacity 2642K, committed 2688K, reserved 1048576K
}
Event: 4.199 GC heap before
{Heap before GC invocations=7 (full 1):
 PSYoungGen      total 38400K, used 5112K [0x00000000d5f00000, 0x00000000d8980000, 0x0000000100000000)
  eden space 33280K, 0% used [0x00000000d5f00000,0x00000000d5f00000,0x00000000d7f80000)
  from space 5120K, 99% used [0x00000000d8480000,0x00000000d897e030,0x00000000d8980000)
  to   space 5120K, 0% used [0x00000000d7f80000,0x00000000d7f80000,0x00000000d8480000)
 ParOldGen       total 87552K, used 10182K [0x0000000081c00000, 0x0000000087180000, 0x00000000d5f00000)
  object space 87552K, 11% used [0x0000000081c00000,0x00000000825f1890,0x0000000087180000)
 Metaspace       used 20663K, capacity 21154K, committed 21296K, reserved 1069056K
  class space    used 2490K, capacity 2642K, committed 2688K, reserved 1048576K
Event: 4.261 GC heap after
Heap after GC invocations=7 (full 1):
 PSYoungGen      total 38400K, used 0K [0x00000000d5f00000, 0x00000000d8980000, 0x0000000100000000)
  eden space 33280K, 0% used [0x00000000d5f00000,0x00000000d5f00000,0x00000000d7f80000)
  from space 5120K, 0% used [0x00000000d8480000,0x00000000d8480000,0x00000000d8980000)
  to   space 5120K, 0% used [0x00000000d7f80000,0x00000000d7f80000,0x00000000d8480000)
 ParOldGen       total 59392K, used 8615K [0x0000000081c00000, 0x0000000085600000, 0x00000000d5f00000)
  object space 59392K, 14% used [0x0000000081c00000,0x0000000082469f28,0x0000000085600000)
 Metaspace       used 20663K, capacity 21154K, committed 21296K, reserved 1069056K
  class space    used 2490K, capacity 2642K, committed 2688K, reserved 1048576K
}
Event: 5.313 GC heap before
{Heap before GC invocations=8 (full 1):
 PSYoungGen      total 38400K, used 33280K [0x00000000d5f00000, 0x00000000d8980000, 0x0000000100000000)
  eden space 33280K, 100% used [0x00000000d5f00000,0x00000000d7f80000,0x00000000d7f80000)
  from space 5120K, 0% used [0x00000000d8480000,0x00000000d8480000,0x00000000d8980000)
  to   space 5120K, 0% used [0x00000000d7f80000,0x00000000d7f80000,0x00000000d8480000)
 ParOldGen       total 59392K, used 8615K [0x0000000081c00000, 0x0000000085600000, 0x00000000d5f00000)
  object space 59392K, 14% used [0x0000000081c00000,0x0000000082469f28,0x0000000085600000)
 Metaspace       used 23039K, capacity 23586K, committed 23936K, reserved 1071104K
  class space    used 2698K, capacity 2834K, committed 2944K, reserved 1048576K
Event: 5.321 GC heap after
Heap after GC invocations=8 (full 1):
 PSYoungGen      total 38400K, used 5091K [0x00000000d5f00000, 0x00000000d8980000, 0x0000000100000000)
  eden space 33280K, 0% used [0x00000000d5f00000,0x00000000d5f00000,0x00000000d7f80000)
  from space 5120K, 99% used [0x00000000d7f80000,0x00000000d8478dc0,0x00000000d8480000)
  to   space 5120K, 0% used [0x00000000d8480000,0x00000000d8480000,0x00000000d8980000)
 ParOldGen       total 59392K, used 10976K [0x0000000081c00000, 0x0000000085600000, 0x00000000d5f00000)
  object space 59392K, 18% used [0x0000000081c00000,0x00000000826b80e8,0x0000000085600000)
 Metaspace       used 23039K, capacity 23586K, committed 23936K, reserved 1071104K
  class space    used 2698K, capacity 2834K, committed 2944K, reserved 1048576K
}
Event: 6.407 GC heap before
{Heap before GC invocations=9 (full 1):
 PSYoungGen      total 38400K, used 38371K [0x00000000d5f00000, 0x00000000d8980000, 0x0000000100000000)
  eden space 33280K, 100% used [0x00000000d5f00000,0x00000000d7f80000,0x00000000d7f80000)
  from space 5120K, 99% used [0x00000000d7f80000,0x00000000d8478dc0,0x00000000d8480000)
  to   space 5120K, 0% used [0x00000000d8480000,0x00000000d8480000,0x00000000d8980000)
 ParOldGen       total 59392K, used 10976K [0x0000000081c00000, 0x0000000085600000, 0x00000000d5f00000)
  object space 59392K, 18% used [0x0000000081c00000,0x00000000826b80e8,0x0000000085600000)
 Metaspace       used 24154K, capacity 24798K, committed 25088K, reserved 1071104K
  class space    used 2827K, capacity 3010K, committed 3072K, reserved 1048576K
Event: 6.416 GC heap after
Heap after GC invocations=9 (full 1):
 PSYoungGen      total 38400K, used 5105K [0x00000000d5f00000, 0x00000000d8980000, 0x0000000100000000)
  eden space 33280K, 0% used [0x00000000d5f00000,0x00000000d5f00000,0x00000000d7f80000)
  from space 5120K, 99% used [0x00000000d8480000,0x00000000d897c418,0x00000000d8980000)
  to   space 5120K, 0% used [0x00000000d7f80000,0x00000000d7f80000,0x00000000d8480000)
 ParOldGen       total 59392K, used 13468K [0x0000000081c00000, 0x0000000085600000, 0x00000000d5f00000)
  object space 59392K, 22% used [0x0000000081c00000,0x0000000082927338,0x0000000085600000)
 Metaspace       used 24154K, capacity 24798K, committed 25088K, reserved 1071104K
  class space    used 2827K, capacity 3010K, committed 3072K, reserved 1048576K
}

Deoptimization events (10 events):
Event: 5.071 Thread 0x000001bf49a54000 Uncommon trap: reason=bimorphic action=maybe_recompile pc=0x000001bf4bb614f8 method=java.util.HashMap.putVal(ILjava/lang/Object;Ljava/lang/Object;ZZ)Ljava/lang/Object; @ 253
Event: 5.153 Thread 0x000001bf49a54000 Uncommon trap: reason=unstable_if action=reinterpret pc=0x000001bf4c373e24 method=com.sun.tools.javac.code.Types$18.visitClassType(Lcom/sun/tools/javac/code/Type$ClassType;Ljava/lang/Void;)Lcom/sun/tools/javac/code/Type; @ 43
Event: 5.171 Thread 0x000001bf49a54000 Uncommon trap: reason=unstable_if action=reinterpret pc=0x000001bf4c36ec34 method=com.sun.tools.javac.code.Types$18.visitClassType(Lcom/sun/tools/javac/code/Type$ClassType;Ljava/lang/Void;)Lcom/sun/tools/javac/code/Type; @ 43
Event: 5.172 Thread 0x000001bf49a54000 Uncommon trap: reason=unstable_if action=reinterpret pc=0x000001bf4c387a64 method=com.sun.tools.javac.code.Types$18.visitClassType(Lcom/sun/tools/javac/code/Type$ClassType;Ljava/lang/Void;)Lcom/sun/tools/javac/code/Type; @ 43
Event: 5.201 Thread 0x000001bf49a54000 Uncommon trap: reason=unstable_if action=reinterpret pc=0x000001bf4be795c8 method=java.io.BufferedWriter.flushBuffer()V @ 15
Event: 5.210 Thread 0x000001bf49a54000 Uncommon trap: reason=unstable_if action=reinterpret pc=0x000001bf4be47894 method=java.nio.charset.CharsetEncoder.encode(Ljava/nio/CharBuffer;Ljava/nio/ByteBuffer;Z)Ljava/nio/charset/CoderResult; @ 1
Event: 5.210 Thread 0x000001bf49a54000 Uncommon trap: reason=class_check action=maybe_recompile pc=0x000001bf4be8df20 method=sun.nio.cs.StreamEncoder.writeBytes()V @ 120
Event: 5.213 Thread 0x000001bf49a54000 Uncommon trap: reason=unstable_if action=reinterpret pc=0x000001bf4c01ab48 method=java.util.HashMap$HashIterator.<init>(Ljava/util/HashMap;)V @ 45
Event: 5.444 Thread 0x000001bf49a54000 Uncommon trap: reason=unstable_if action=reinterpret pc=0x000001bf4c124d48 method=org.apache.maven.model.merge.ModelMerger.merge(Ljava/util/List;Ljava/util/List;Lorg/apache/maven/model/merge/ModelMerger$KeyComputer;Lorg/apache/maven/model/merge/ModelMerge
Event: 5.533 Thread 0x000001bf49a54000 Uncommon trap: reason=unstable_if action=reinterpret pc=0x000001bf4c0563b0 method=org.codehaus.plexus.util.xml.pull.MXParser.parseAttribute()C @ 1002

Classes redefined (0 events):
No events

Internal exceptions (10 events):
Event: 2.269 Thread 0x000001bf49a54000 Exception <a 'java/lang/NoClassDefFoundError'> (0x00000000d6d34438) thrown at [C:\wsjdk\Corretto8Src\installers\windows\zip\corretto-build\buildRoot\hotspot\src\share\vm\prims\jvm.cpp, line 1518]
Event: 2.269 Thread 0x000001bf49a54000 Exception <a 'java/lang/NoClassDefFoundError': javax/annotation/Priority> (0x00000000d6d39230) thrown at [C:\wsjdk\Corretto8Src\installers\windows\zip\corretto-build\buildRoot\hotspot\src\share\vm\classfile\systemDictionary.cpp, line 206]
Event: 2.378 Thread 0x000001bf49a54000 Implicit null exception at 0x000001bf4b8f1115 to 0x000001bf4b8f12e9
Event: 2.813 Thread 0x000001bf49a54000 Implicit null exception at 0x000001bf4be37fae to 0x000001bf4be3933d
Event: 2.844 Thread 0x000001bf49a54000 Implicit null exception at 0x000001bf4bb63b5b to 0x000001bf4bb63fdd
Event: 2.844 Thread 0x000001bf49a54000 Implicit null exception at 0x000001bf4ba63b55 to 0x000001bf4ba63d51
Event: 2.845 Thread 0x000001bf49a54000 Implicit null exception at 0x000001bf4bc1522f to 0x000001bf4bc15299
Event: 3.934 Thread 0x000001bf49a54000 Exception <a 'java/lang/ClassNotFoundException': com/sun/tools/javac/api/JavacTool> (0x00000000d7ab25e8) thrown at [C:\wsjdk\Corretto8Src\installers\windows\zip\corretto-build\buildRoot\hotspot\src\share\vm\classfile\systemDictionary.cpp, line 217]
Event: 4.552 Thread 0x000001bf49a54000 Exception <a 'java/io/FileNotFoundException'> (0x00000000d675e290) thrown at [C:\wsjdk\Corretto8Src\installers\windows\zip\corretto-build\buildRoot\hotspot\src\share\vm\prims\jni.cpp, line 711]
Event: 4.558 Thread 0x000001bf49a54000 Exception <a 'java/io/FileNotFoundException'> (0x00000000d67bbf60) thrown at [C:\wsjdk\Corretto8Src\installers\windows\zip\corretto-build\buildRoot\hotspot\src\share\vm\prims\jni.cpp, line 711]

Events (10 events):
Event: 6.490 loading class org/codehaus/plexus/archiver/zip/ZipUnArchiver$__sisu11
Event: 6.490 loading class org/codehaus/plexus/archiver/zip/ZipUnArchiver$__sisu11 done
Event: 6.497 loading class org/codehaus/plexus/components/io/resources/PlexusIoZipFileResourceCollection$__sisu21
Event: 6.497 loading class org/codehaus/plexus/components/io/resources/PlexusIoZipFileResourceCollection$__sisu21 done
Event: 6.505 loading class org/codehaus/plexus/archiver/zip/ZipUnArchiver$__sisu10
Event: 6.505 loading class org/codehaus/plexus/archiver/zip/ZipUnArchiver$__sisu10 done
Event: 6.529 loading class org/codehaus/plexus/archiver/war/WarArchiver
Event: 6.529 loading class org/codehaus/plexus/archiver/war/WarArchiver done
Event: 6.529 loading class org/codehaus/plexus/archiver/war/WarArchiver
Event: 6.529 loading class org/codehaus/plexus/archiver/war/WarArchiver done


Dynamic libraries:
0x00007ff78f770000 - 0x00007ff78f7aa000 	C:\Users\Administrator\.jdks\corretto-1.8.0_352\bin\java.exe
0x00007fff9e890000 - 0x00007fff9ea85000 	C:\Windows\SYSTEM32\ntdll.dll
0x00007fff9d960000 - 0x00007fff9da1e000 	C:\Windows\System32\KERNEL32.DLL
0x00007fff9c2e0000 - 0x00007fff9c5a8000 	C:\Windows\System32\KERNELBASE.dll
0x00007fff9dee0000 - 0x00007fff9df8c000 	C:\Windows\System32\ADVAPI32.dll
0x00007fff9de40000 - 0x00007fff9dede000 	C:\Windows\System32\msvcrt.dll
0x00007fff9d7a0000 - 0x00007fff9d83b000 	C:\Windows\System32\sechost.dll
0x00007fff9e4f0000 - 0x00007fff9e61a000 	C:\Windows\System32\RPCRT4.dll
0x00007fff9daf0000 - 0x00007fff9dc91000 	C:\Windows\System32\USER32.dll
0x00007fff9c2b0000 - 0x00007fff9c2d2000 	C:\Windows\System32\win32u.dll
0x00007fff9d480000 - 0x00007fff9d4ab000 	C:\Windows\System32\GDI32.dll
0x00007fff9c640000 - 0x00007fff9c74d000 	C:\Windows\System32\gdi32full.dll
0x00007fff9c750000 - 0x00007fff9c7ed000 	C:\Windows\System32\msvcp_win.dll
0x00007fff9c160000 - 0x00007fff9c260000 	C:\Windows\System32\ucrtbase.dll
0x00007fff99330000 - 0x00007fff995ca000 	C:\Windows\WinSxS\amd64_microsoft.windows.common-controls_6595b64144ccf1df_6.0.19041.1110_none_60b5254171f9507e\COMCTL32.dll
0x00007fff9cd00000 - 0x00007fff9cd30000 	C:\Windows\System32\IMM32.DLL
0x000000006fc70000 - 0x000000006fc7c000 	C:\Program Files (x86)\360\360Safe\safemon\SafeWrapper.dll
0x00007fff817b0000 - 0x00007fff81842000 	C:\Program Files (x86)\360\360Safe\safemon\libzdtp64.dll
0x00007fff9cd30000 - 0x00007fff9d474000 	C:\Windows\System32\SHELL32.dll
0x00007fff9e620000 - 0x00007fff9e675000 	C:\Windows\System32\SHLWAPI.dll
0x00007fff9bce0000 - 0x00007fff9bcea000 	C:\Windows\SYSTEM32\VERSION.dll
0x00007fff77800000 - 0x00007fff778ef000 	C:\Users\Administrator\.jdks\corretto-1.8.0_352\jre\bin\msvcr120.dll
0x00007fff77750000 - 0x00007fff777f6000 	C:\Users\Administrator\.jdks\corretto-1.8.0_352\jre\bin\msvcp120.dll
0x000000006f1c0000 - 0x000000006fa36000 	C:\Users\Administrator\.jdks\corretto-1.8.0_352\jre\bin\server\jvm.dll
0x00007fff9d4b0000 - 0x00007fff9d4b8000 	C:\Windows\System32\PSAPI.DLL
0x00007fff9aee0000 - 0x00007fff9aee9000 	C:\Windows\SYSTEM32\WSOCK32.dll
0x00007fff88e00000 - 0x00007fff88e27000 	C:\Windows\SYSTEM32\WINMM.dll
0x00007fff9da20000 - 0x00007fff9da8b000 	C:\Windows\System32\WS2_32.dll
0x00007fff96320000 - 0x00007fff9632f000 	C:\Users\Administrator\.jdks\corretto-1.8.0_352\jre\bin\verify.dll
0x00007fff94120000 - 0x00007fff94149000 	C:\Users\Administrator\.jdks\corretto-1.8.0_352\jre\bin\java.dll
0x00007fff8a120000 - 0x00007fff8a14a000 	C:\Users\Administrator\.jdks\corretto-1.8.0_352\jre\bin\instrument.dll
0x00007fff94100000 - 0x00007fff94116000 	C:\Users\Administrator\.jdks\corretto-1.8.0_352\jre\bin\zip.dll
0x00007fff99720000 - 0x00007fff99eb4000 	C:\Windows\SYSTEM32\windows.storage.dll
0x00007fff9c9a0000 - 0x00007fff9ccf5000 	C:\Windows\System32\combase.dll
0x00007fff9b510000 - 0x00007fff9b53e000 	C:\Windows\SYSTEM32\Wldp.dll
0x00007fff9dca0000 - 0x00007fff9dd4d000 	C:\Windows\System32\SHCORE.dll
0x00007fff9bee0000 - 0x00007fff9beff000 	C:\Windows\SYSTEM32\profapi.dll
0x00007fff95b80000 - 0x00007fff95b9a000 	D:\JavaCode\IDEA\idea\bin\breakgen64.dll
0x00007fff93b20000 - 0x00007fff93b3a000 	C:\Users\Administrator\.jdks\corretto-1.8.0_352\jre\bin\net.dll
0x00007fff9b290000 - 0x00007fff9b2fa000 	C:\Windows\system32\mswsock.dll
0x00007fff9bcb0000 - 0x00007fff9bcc8000 	C:\Windows\SYSTEM32\CRYPTSP.dll
0x00007fff9a6b0000 - 0x00007fff9a6e4000 	C:\Windows\system32\rsaenh.dll
0x00007fff9c8a0000 - 0x00007fff9c8c7000 	C:\Windows\System32\bcrypt.dll
0x00007fff9bea0000 - 0x00007fff9bece000 	C:\Windows\SYSTEM32\USERENV.dll
0x00007fff9c5b0000 - 0x00007fff9c632000 	C:\Windows\System32\bcryptprimitives.dll
0x00007fff9b480000 - 0x00007fff9b48c000 	C:\Windows\SYSTEM32\CRYPTBASE.dll
0x00007fff9af80000 - 0x00007fff9afbb000 	C:\Windows\SYSTEM32\IPHLPAPI.DLL
0x00007fff9e840000 - 0x00007fff9e848000 	C:\Windows\System32\NSI.dll
0x00007fff8c6f0000 - 0x00007fff8c707000 	C:\Windows\SYSTEM32\dhcpcsvc6.DLL
0x00007fff950b0000 - 0x00007fff950cd000 	C:\Windows\SYSTEM32\dhcpcsvc.DLL
0x00007fff9afc0000 - 0x00007fff9b08b000 	C:\Windows\SYSTEM32\DNSAPI.dll
0x00007fff89ea0000 - 0x00007fff89eb2000 	C:\Users\Administrator\.jdks\corretto-1.8.0_352\jre\bin\nio.dll
0x00007fff96490000 - 0x00007fff9649a000 	C:\Users\Administrator\AppData\Local\Temp\jansi-1.17.1-6667250233591327343.dll
0x00007fff8a1b0000 - 0x00007fff8a1ba000 	C:\Users\Administrator\AppData\Local\Temp\jansi-1.17.1-730210483534022718.dll

VM Arguments:
jvm_args: -Dmaven.multiModuleProjectDirectory=D:\JavaCode\IDEA\javaee -Dmaven.home=E:\ideaMaven\apache-maven-3.6.3 -Dclassworlds.conf=E:\ideaMaven\apache-maven-3.6.3\bin\m2.conf -Dmaven.ext.class.path=D:\JavaCode\IDEA\idea\plugins\maven\lib\maven-event-listener.jar -javaagent:D:\JavaCode\IDEA\idea\lib\idea_rt.jar=53673:D:\JavaCode\IDEA\idea\bin -Dfile.encoding=UTF-8 
java_command: org.codehaus.classworlds.Launcher -Didea.version=2021.1.3 -s E:\ideaMaven\apache-maven-3.6.3\conf\settings.xml tomcat7:run
java_class_path (initial): E:\ideaMaven\apache-maven-3.6.3\boot\plexus-classworlds-2.6.0.jar;E:\ideaMaven\apache-maven-3.6.3\boot\plexus-classworlds.license;D:\JavaCode\IDEA\idea\lib\idea_rt.jar
Launcher Type: SUN_STANDARD

Environment Variables:
JAVA_HOME=D:\JavaCode\JDK11.6
PATH=E:\VM\VM15.5\bin\;%JAVA_HOME%\bin;E:\ideaMaven\apache-maven-3.6.3\bin;%IDEA_HOME%\bin;E:\app\Administrator\product\11.2.0\dbhome_1\bin;C:\Windows\system32;C:\Windows;C:\Windows\System32\Wbem;C:\Windows\System32\WindowsPowerShell\v1.0\;C:\Windows\System32\OpenSSH\;C:\Program Files\Microsoft SQL Server\Client SDK\ODBC\170\Tools\Binn\;C:\Program Files (x86)\Microsoft SQL Server\150\Tools\Binn\;C:\Program Files\Microsoft SQL Server\150\Tools\Binn\;C:\Program Files\Microsoft SQL Server\150\DTS\Binn\;C:\Program Files (x86)\Microsoft SQL Server\150\DTS\Binn\;C:\Program Files\Azure Data Studio\bin;C:\Program Files\dotnet\;D:\nodeJS\;D:\MySQL\Program Files\MySQL\MySQL Server 8.0\bin;E:\ideaMaven\apache-maven-3.6.3\bin;D:\GitHub\Git\cmd;E:\Redis\redis\;E:\ideaMaven\apache-maven-3.5.2\bin;D:\MySQL\Program Files\MySQL\MySQL Shell 8.0\bin\;C:\Users\Administrator\AppData\Local\Programs\Python\Python310\Scripts\;C:\Users\Administrator\AppData\Local\Programs\Python\Python310\;C:\Users\Administrator\AppData\Local\Microsoft\WindowsApps;D:\JavaCode\JDK11.6\bin;C:\Program Files\Azure Data Studio\bin;C:\Users\Administrator\.dotnet\tools;D:\Python Code\PyCharm\PyCharm Community Edition 2021.2\bin;;D:\vsCode\Microsoft VS Code\bin;C:\Users\Administrator\AppData\Roaming\npm;E:\phpstudy_pro\Extensions\php\php7.3.4nts;
USERNAME=Administrator
OS=Windows_NT
PROCESSOR_IDENTIFIER=Intel64 Family 6 Model 142 Stepping 11, GenuineIntel



---------------  S Y S T E M  ---------------

OS: Windows 10 , 64 bit Build 19041 (10.0.19041.1348)

CPU:total 8 (initial active 8) (4 cores per cpu, 2 threads per core) family 6 model 142 stepping 11, cmov, cx8, fxsr, mmx, sse, sse2, sse3, ssse3, sse4.1, sse4.2, popcnt, avx, avx2, aes, clmul, erms, 3dnowpref, lzcnt, ht, tsc, tscinvbit, bmi1, bmi2, adx

Memory: 4k page, physical 8273208k(1084552k free), swap 11642168k(132k free)

vm_info: OpenJDK 64-Bit Server VM (25.352-b08) for windows-amd64 JRE (1.8.0_352-b08), built on Oct 14 2022 21:22:09 by "Administrator" with MS VC++ 12.0 (VS2013)

time: Sun Mar 19 10:45:46 2023
timezone: 中国标准时间
elapsed time: 6.657303 seconds (0d 0h 0m 6s)

