#
# There is insufficient memory for the Java Runtime Environment to continue.
# Native memory allocation (malloc) failed to allocate 65552 bytes for Chunk::new
# Possible reasons:
#   The system is out of physical RAM or swap space
#   The process is running with CompressedOops enabled, and the Java Heap may be blocking the growth of the native heap
# Possible solutions:
#   Reduce memory load on the system
#   Increase physical memory or swap space
#   Check if swap backing store is full
#   Decrease Java heap size (-Xmx/-Xms)
#   Decrease number of Java threads
#   Decrease Java thread stack sizes (-Xss)
#   Set larger code cache with -XX:ReservedCodeCacheSize=
#   JVM is running with Unscaled Compressed Oops mode in which the Java heap is
#     placed in the first 4GB address space. The Java Heap base address is the
#     maximum limit for the native heap growth. Please use -XX:HeapBaseMinAddress
#     to set the Java Heap base and to place the Java Heap above 4GB virtual address.
# This output file may be truncated or incomplete.
#
#  Out of Memory Error (allocation.cpp:389), pid=16116, tid=0x00000000000032c4
#
# JRE version: OpenJDK Runtime Environment (8.0_352-b08) (build 1.8.0_352-b08)
# Java VM: OpenJDK 64-Bit Server VM (25.352-b08 mixed mode windows-amd64 compressed oops)
# Failed to write core dump. Minidumps are not enabled by default on client versions of Windows
#

---------------  T H R E A D  ---------------

Current thread (0x0000013f22909800):  JavaThread "C2 CompilerThread0" daemon [_thread_in_native, id=12996, stack(0x0000000eb3600000,0x0000000eb3700000)]

Stack: [0x0000000eb3600000,0x0000000eb3700000]
[error occurred during error reporting (printing stack bounds), id 0xc0000005]

Native frames: (J=compiled Java code, j=interpreted, Vv=VM code, C=native code)


Current CompileTask:
C2:   6937 3994   !   4       org.apache.catalina.startup.ContextConfig::populateJavaClassCache (159 bytes)


---------------  P R O C E S S  ---------------

Java Threads: ( => current thread )
  0x0000013f28cbd000 JavaThread "localhost-startStop-1" daemon [_thread_in_native, id=21896, stack(0x0000000eb3d00000,0x0000000eb3e00000)]
  0x0000013f28adf800 JavaThread "Tomcat-startStop-1" daemon [_thread_blocked, id=19668, stack(0x0000000eb3c00000,0x0000000eb3d00000)]
  0x0000013f22948800 JavaThread "Service Thread" daemon [_thread_blocked, id=19568, stack(0x0000000eb3a00000,0x0000000eb3b00000)]
  0x0000013f2291b800 JavaThread "C1 CompilerThread3" daemon [_thread_blocked, id=6396, stack(0x0000000eb3900000,0x0000000eb3a00000)]
  0x0000013f22915000 JavaThread "C2 CompilerThread2" daemon [_thread_in_native, id=18132, stack(0x0000000eb3800000,0x0000000eb3900000)]
  0x0000013f22913800 JavaThread "C2 CompilerThread1" daemon [_thread_in_native, id=15308, stack(0x0000000eb3700000,0x0000000eb3800000)]
=>0x0000013f22909800 JavaThread "C2 CompilerThread0" daemon [_thread_in_native, id=12996, stack(0x0000000eb3600000,0x0000000eb3700000)]
  0x0000013f22904800 JavaThread "Monitor Ctrl-Break" daemon [_thread_in_native, id=7700, stack(0x0000000eb3500000,0x0000000eb3600000)]
  0x0000013f20be7000 JavaThread "Attach Listener" daemon [_thread_blocked, id=6136, stack(0x0000000eb3400000,0x0000000eb3500000)]
  0x0000013f20be6000 JavaThread "Signal Dispatcher" daemon [_thread_blocked, id=2092, stack(0x0000000eb3300000,0x0000000eb3400000)]
  0x0000013f20b6d800 JavaThread "Finalizer" daemon [_thread_blocked, id=14448, stack(0x0000000eb3200000,0x0000000eb3300000)]
  0x0000013f20b66800 JavaThread "Reference Handler" daemon [_thread_blocked, id=7936, stack(0x0000000eb3100000,0x0000000eb3200000)]
  0x0000013f0a674000 JavaThread "main" [_thread_blocked, id=13996, stack(0x0000000eb2700000,0x0000000eb2800000)]

Other Threads:
  0x0000013f20b33800 VMThread [stack: 0x0000000eb3000000,0x0000000eb3100000] [id=3812]
  0x0000013f2294c800 WatcherThread [stack: 0x0000000eb3b00000,0x0000000eb3c00000] [id=9968]

VM state:not at safepoint (normal execution)

VM Mutex/Monitor currently owned by a thread: None

heap address: 0x0000000081c00000, size: 2020 MB, Compressed Oops mode: 32-bit
Narrow klass base: 0x0000000000000000, Narrow klass shift: 3
Compressed class space size: 1073741824 Address: 0x0000000100000000

Heap:
 PSYoungGen      total 107520K, used 94769K [0x00000000d5f00000, 0x00000000ddd00000, 0x0000000100000000)
  eden space 92672K, 86% used [0x00000000d5f00000,0x00000000dad0f488,0x00000000db980000)
  from space 14848K, 99% used [0x00000000db980000,0x00000000dc7fd2e0,0x00000000dc800000)
  to   space 11776K, 0% used [0x00000000dc800000,0x00000000dc800000,0x00000000dd380000)
 ParOldGen       total 66560K, used 28658K [0x0000000081c00000, 0x0000000085d00000, 0x00000000d5f00000)
  object space 66560K, 43% used [0x0000000081c00000,0x00000000837fc8d8,0x0000000085d00000)
 Metaspace       used 24195K, capacity 24726K, committed 25008K, reserved 1071104K
  class space    used 2803K, capacity 2960K, committed 2992K, reserved 1048576K

Card table byte_map: [0x0000013f1b830000,0x0000013f1bc30000] byte_map_base: 0x0000013f1b422000

Marking Bits: (ParMarkBitMap*) 0x000000006f9b7820
 Begin Bits: [0x0000013f1bee0000, 0x0000013f1de70000)
 End Bits:   [0x0000013f1de70000, 0x0000013f1fe00000)

Polling page: 0x0000013f0a600000

CodeCache: size=245760Kb used=11746Kb max_used=13285Kb free=234013Kb
 bounds [0x0000013f0c470000, 0x0000013f0d1a0000, 0x0000013f1b470000]
 total_blobs=3807 nmethods=3397 adapters=322
 compilation: enabled

Compilation events (10 events):
Event: 6.653 Thread 0x0000013f2291b800 4016       3       org.apache.catalina.startup.ContextConfig::getSCIsForClass (82 bytes)
Event: 6.654 Thread 0x0000013f2291b800 nmethod 4016 0x0000013f0d09ab50 code [0x0000013f0d09ada0, 0x0000013f0d09bc10]
Event: 6.758 Thread 0x0000013f2291b800 4017       3       java.util.HashMap::values (25 bytes)
Event: 6.758 Thread 0x0000013f2291b800 nmethod 4017 0x0000013f0c8fc750 code [0x0000013f0c8fc8c0, 0x0000013f0c8fcbf8]
Event: 6.766 Thread 0x0000013f2291b800 4018       3       java.util.HashMap$Values::iterator (12 bytes)
Event: 6.766 Thread 0x0000013f2291b800 nmethod 4018 0x0000013f0c86da50 code [0x0000013f0c86dbc0, 0x0000013f0c86de30]
Event: 6.767 Thread 0x0000013f2291b800 4019       3       java.util.HashMap$ValueIterator::<init> (11 bytes)
Event: 6.767 Thread 0x0000013f2291b800 nmethod 4019 0x0000013f0cb99510 code [0x0000013f0cb99680, 0x0000013f0cb99830]
Event: 6.808 Thread 0x0000013f2291b800 4020   !   3       java.lang.Class::getEnumConstantsShared (73 bytes)
Event: 6.809 Thread 0x0000013f2291b800 nmethod 4020 0x0000013f0c6e5950 code [0x0000013f0c6e5b40, 0x0000013f0c6e6570]

GC Heap History (10 events):
Event: 3.934 GC heap before
{Heap before GC invocations=6 (full 0):
 PSYoungGen      total 71680K, used 25039K [0x00000000d5f00000, 0x00000000daa00000, 0x0000000100000000)
  eden space 66560K, 29% used [0x00000000d5f00000,0x00000000d727be70,0x00000000da000000)
  from space 5120K, 99% used [0x00000000da000000,0x00000000da4f8070,0x00000000da500000)
  to   space 5120K, 0% used [0x00000000da500000,0x00000000da500000,0x00000000daa00000)
 ParOldGen       total 87552K, used 11569K [0x0000000081c00000, 0x0000000087180000, 0x00000000d5f00000)
  object space 87552K, 13% used [0x0000000081c00000,0x000000008274c580,0x0000000087180000)
 Metaspace       used 20755K, capacity 21234K, committed 21296K, reserved 1069056K
  class space    used 2421K, capacity 2586K, committed 2608K, reserved 1048576K
Event: 3.947 GC heap after
Heap after GC invocations=6 (full 0):
 PSYoungGen      total 71680K, used 5112K [0x00000000d5f00000, 0x00000000daa00000, 0x0000000100000000)
  eden space 66560K, 0% used [0x00000000d5f00000,0x00000000d5f00000,0x00000000da000000)
  from space 5120K, 99% used [0x00000000da500000,0x00000000da9fe030,0x00000000daa00000)
  to   space 5120K, 0% used [0x00000000da000000,0x00000000da000000,0x00000000da500000)
 ParOldGen       total 87552K, used 13750K [0x0000000081c00000, 0x0000000087180000, 0x00000000d5f00000)
  object space 87552K, 15% used [0x0000000081c00000,0x000000008296dad0,0x0000000087180000)
 Metaspace       used 20755K, capacity 21234K, committed 21296K, reserved 1069056K
  class space    used 2421K, capacity 2586K, committed 2608K, reserved 1048576K
}
Event: 3.947 GC heap before
{Heap before GC invocations=7 (full 1):
 PSYoungGen      total 71680K, used 5112K [0x00000000d5f00000, 0x00000000daa00000, 0x0000000100000000)
  eden space 66560K, 0% used [0x00000000d5f00000,0x00000000d5f00000,0x00000000da000000)
  from space 5120K, 99% used [0x00000000da500000,0x00000000da9fe030,0x00000000daa00000)
  to   space 5120K, 0% used [0x00000000da000000,0x00000000da000000,0x00000000da500000)
 ParOldGen       total 87552K, used 13750K [0x0000000081c00000, 0x0000000087180000, 0x00000000d5f00000)
  object space 87552K, 15% used [0x0000000081c00000,0x000000008296dad0,0x0000000087180000)
 Metaspace       used 20755K, capacity 21234K, committed 21296K, reserved 1069056K
  class space    used 2421K, capacity 2586K, committed 2608K, reserved 1048576K
Event: 4.016 GC heap after
Heap after GC invocations=7 (full 1):
 PSYoungGen      total 71680K, used 0K [0x00000000d5f00000, 0x00000000daa00000, 0x0000000100000000)
  eden space 66560K, 0% used [0x00000000d5f00000,0x00000000d5f00000,0x00000000da000000)
  from space 5120K, 0% used [0x00000000da500000,0x00000000da500000,0x00000000daa00000)
  to   space 5120K, 0% used [0x00000000da000000,0x00000000da000000,0x00000000da500000)
 ParOldGen       total 66560K, used 11205K [0x0000000081c00000, 0x0000000085d00000, 0x00000000d5f00000)
  object space 66560K, 16% used [0x0000000081c00000,0x00000000826f15e0,0x0000000085d00000)
 Metaspace       used 20755K, capacity 21234K, committed 21296K, reserved 1069056K
  class space    used 2421K, capacity 2586K, committed 2608K, reserved 1048576K
}
Event: 5.619 GC heap before
{Heap before GC invocations=8 (full 1):
 PSYoungGen      total 71680K, used 66560K [0x00000000d5f00000, 0x00000000daa00000, 0x0000000100000000)
  eden space 66560K, 100% used [0x00000000d5f00000,0x00000000da000000,0x00000000da000000)
  from space 5120K, 0% used [0x00000000da500000,0x00000000da500000,0x00000000daa00000)
  to   space 5120K, 0% used [0x00000000da000000,0x00000000da000000,0x00000000da500000)
 ParOldGen       total 66560K, used 11205K [0x0000000081c00000, 0x0000000085d00000, 0x00000000d5f00000)
  object space 66560K, 16% used [0x0000000081c00000,0x00000000826f15e0,0x0000000085d00000)
 Metaspace       used 24146K, capacity 24726K, committed 25008K, reserved 1071104K
  class space    used 2800K, capacity 2960K, committed 2992K, reserved 1048576K
Event: 5.627 GC heap after
Heap after GC invocations=8 (full 1):
 PSYoungGen      total 71680K, used 5116K [0x00000000d5f00000, 0x00000000dd380000, 0x0000000100000000)
  eden space 66560K, 0% used [0x00000000d5f00000,0x00000000d5f00000,0x00000000da000000)
  from space 5120K, 99% used [0x00000000da000000,0x00000000da4ff240,0x00000000da500000)
  to   space 11776K, 0% used [0x00000000dc800000,0x00000000dc800000,0x00000000dd380000)
 ParOldGen       total 66560K, used 18370K [0x0000000081c00000, 0x0000000085d00000, 0x00000000d5f00000)
  object space 66560K, 27% used [0x0000000081c00000,0x0000000082df0af8,0x0000000085d00000)
 Metaspace       used 24146K, capacity 24726K, committed 25008K, reserved 1071104K
  class space    used 2800K, capacity 2960K, committed 2992K, reserved 1048576K
}
Event: 6.054 GC heap before
{Heap before GC invocations=9 (full 1):
 PSYoungGen      total 71680K, used 71676K [0x00000000d5f00000, 0x00000000dd380000, 0x0000000100000000)
  eden space 66560K, 100% used [0x00000000d5f00000,0x00000000da000000,0x00000000da000000)
  from space 5120K, 99% used [0x00000000da000000,0x00000000da4ff240,0x00000000da500000)
  to   space 11776K, 0% used [0x00000000dc800000,0x00000000dc800000,0x00000000dd380000)
 ParOldGen       total 66560K, used 18370K [0x0000000081c00000, 0x0000000085d00000, 0x00000000d5f00000)
  object space 66560K, 27% used [0x0000000081c00000,0x0000000082df0af8,0x0000000085d00000)
 Metaspace       used 24174K, capacity 24726K, committed 25008K, reserved 1071104K
  class space    used 2800K, capacity 2960K, committed 2992K, reserved 1048576K
Event: 6.066 GC heap after
Heap after GC invocations=9 (full 1):
 PSYoungGen      total 104448K, used 11753K [0x00000000d5f00000, 0x00000000ddd00000, 0x0000000100000000)
  eden space 92672K, 0% used [0x00000000d5f00000,0x00000000d5f00000,0x00000000db980000)
  from space 11776K, 99% used [0x00000000dc800000,0x00000000dd37a4d0,0x00000000dd380000)
  to   space 14848K, 0% used [0x00000000db980000,0x00000000db980000,0x00000000dc800000)
 ParOldGen       total 66560K, used 22482K [0x0000000081c00000, 0x0000000085d00000, 0x00000000d5f00000)
  object space 66560K, 33% used [0x0000000081c00000,0x00000000831f4990,0x0000000085d00000)
 Metaspace       used 24174K, capacity 24726K, committed 25008K, reserved 1071104K
  class space    used 2800K, capacity 2960K, committed 2992K, reserved 1048576K
}
Event: 6.499 GC heap before
{Heap before GC invocations=10 (full 1):
 PSYoungGen      total 104448K, used 104425K [0x00000000d5f00000, 0x00000000ddd00000, 0x0000000100000000)
  eden space 92672K, 100% used [0x00000000d5f00000,0x00000000db980000,0x00000000db980000)
  from space 11776K, 99% used [0x00000000dc800000,0x00000000dd37a4d0,0x00000000dd380000)
  to   space 14848K, 0% used [0x00000000db980000,0x00000000db980000,0x00000000dc800000)
 ParOldGen       total 66560K, used 22482K [0x0000000081c00000, 0x0000000085d00000, 0x00000000d5f00000)
  object space 66560K, 33% used [0x0000000081c00000,0x00000000831f4990,0x0000000085d00000)
 Metaspace       used 24175K, capacity 24726K, committed 25008K, reserved 1071104K
  class space    used 2800K, capacity 2960K, committed 2992K, reserved 1048576K
Event: 6.516 GC heap after
Heap after GC invocations=10 (full 1):
 PSYoungGen      total 107520K, used 14836K [0x00000000d5f00000, 0x00000000ddd00000, 0x0000000100000000)
  eden space 92672K, 0% used [0x00000000d5f00000,0x00000000d5f00000,0x00000000db980000)
  from space 14848K, 99% used [0x00000000db980000,0x00000000dc7fd2e0,0x00000000dc800000)
  to   space 11776K, 0% used [0x00000000dc800000,0x00000000dc800000,0x00000000dd380000)
 ParOldGen       total 66560K, used 28658K [0x0000000081c00000, 0x0000000085d00000, 0x00000000d5f00000)
  object space 66560K, 43% used [0x0000000081c00000,0x00000000837fc8d8,0x0000000085d00000)
 Metaspace       used 24175K, capacity 24726K, committed 25008K, reserved 1071104K
  class space    used 2800K, capacity 2960K, committed 2992K, reserved 1048576K
}

Deoptimization events (10 events):
Event: 5.638 Thread 0x0000013f28cbd000 Uncommon trap: reason=unstable_if action=reinterpret pc=0x0000013f0c666354 method=org.apache.tomcat.util.bcel.classfile.ConstantUtf8$1.removeEldestEntry(Ljava/util/Map$Entry;)Z @ 7
Event: 5.762 Thread 0x0000013f28cbd000 Uncommon trap: reason=unstable_if action=reinterpret pc=0x0000013f0c7bd2e0 method=java.util.HashMap.removeNode(ILjava/lang/Object;Ljava/lang/Object;ZZ)Ljava/util/HashMap$Node; @ 71
Event: 5.871 Thread 0x0000013f28cbd000 Uncommon trap: reason=unloaded action=reinterpret pc=0x0000013f0c758514 method=org.apache.tomcat.util.bcel.classfile.Attribute.readAttribute(Ljava/io/DataInputStream;Lorg/apache/tomcat/util/bcel/classfile/ConstantPool;)Lorg/apache/tomcat/util/bcel/classfi
Event: 6.329 Thread 0x0000013f28cbd000 Uncommon trap: reason=unloaded action=reinterpret pc=0x0000013f0ce2e8ec method=org.apache.tomcat.util.bcel.classfile.Attribute.readAttribute(Ljava/io/DataInputStream;Lorg/apache/tomcat/util/bcel/classfile/ConstantPool;)Lorg/apache/tomcat/util/bcel/classfi
Event: 6.329 Thread 0x0000013f28cbd000 Uncommon trap: reason=class_check action=maybe_recompile pc=0x0000013f0d0611d4 method=org.apache.tomcat.util.bcel.classfile.JavaClass.getAnnotationEntries()[Lorg/apache/tomcat/util/bcel/classfile/AnnotationEntry; @ 43
Event: 6.329 Thread 0x0000013f28cbd000 Uncommon trap: reason=class_check action=maybe_recompile pc=0x0000013f0d0611d4 method=org.apache.tomcat.util.bcel.classfile.JavaClass.getAnnotationEntries()[Lorg/apache/tomcat/util/bcel/classfile/AnnotationEntry; @ 43
Event: 6.329 Thread 0x0000013f28cbd000 Uncommon trap: reason=class_check action=maybe_recompile pc=0x0000013f0d0611d4 method=org.apache.tomcat.util.bcel.classfile.JavaClass.getAnnotationEntries()[Lorg/apache/tomcat/util/bcel/classfile/AnnotationEntry; @ 43
Event: 6.339 Thread 0x0000013f28cbd000 Uncommon trap: reason=class_check action=maybe_recompile pc=0x0000013f0d0611d4 method=org.apache.tomcat.util.bcel.classfile.JavaClass.getAnnotationEntries()[Lorg/apache/tomcat/util/bcel/classfile/AnnotationEntry; @ 43
Event: 6.635 Thread 0x0000013f28cbd000 Uncommon trap: reason=unstable_if action=reinterpret pc=0x0000013f0cd071c4 method=org.apache.catalina.startup.ContextConfig.getSCIsForClass(Ljava/lang/String;)Ljava/util/Set; @ 62
Event: 6.642 Thread 0x0000013f28cbd000 Uncommon trap: reason=unstable_if action=reinterpret pc=0x0000013f0cfde868 method=org.codehaus.plexus.classworlds.realm.Entry.matches(Ljava/lang/String;)Z @ 209

Classes redefined (0 events):
No events

Internal exceptions (10 events):
Event: 1.552 Thread 0x0000013f0a674000 Exception <a 'java/lang/NoClassDefFoundError'> (0x00000000d6e21490) thrown at [C:\wsjdk\Corretto8Src\installers\windows\zip\corretto-build\buildRoot\hotspot\src\share\vm\prims\jvm.cpp, line 1518]
Event: 1.552 Thread 0x0000013f0a674000 Exception <a 'java/lang/NoClassDefFoundError': javax/annotation/Priority> (0x00000000d6e26288) thrown at [C:\wsjdk\Corretto8Src\installers\windows\zip\corretto-build\buildRoot\hotspot\src\share\vm\classfile\systemDictionary.cpp, line 206]
Event: 1.644 Thread 0x0000013f0a674000 Implicit null exception at 0x0000013f0c58b495 to 0x0000013f0c58b669
Event: 2.001 Thread 0x0000013f0a674000 Implicit null exception at 0x0000013f0c7f491b to 0x0000013f0c7f4da5
Event: 2.001 Thread 0x0000013f0a674000 Implicit null exception at 0x0000013f0c6f7c55 to 0x0000013f0c6f7e51
Event: 2.001 Thread 0x0000013f0a674000 Implicit null exception at 0x0000013f0c8457af to 0x0000013f0c845819
Event: 2.021 Thread 0x0000013f0a674000 Implicit null exception at 0x0000013f0caf43ee to 0x0000013f0caf577d
Event: 3.579 Thread 0x0000013f0a674000 Exception <a 'java/io/FileNotFoundException'> (0x00000000d66596a0) thrown at [C:\wsjdk\Corretto8Src\installers\windows\zip\corretto-build\buildRoot\hotspot\src\share\vm\prims\jni.cpp, line 711]
Event: 4.462 Thread 0x0000013f28cbd000 Implicit null exception at 0x0000013f0c705754 to 0x0000013f0c705b05
Event: 4.462 Thread 0x0000013f28cbd000 Implicit null exception at 0x0000013f0c6ac9d4 to 0x0000013f0c6acd8d

Events (10 events):
Event: 6.637 loading class org/apache/tomcat/websocket/pojo/PojoEndpointServer
Event: 6.637 loading class org/apache/tomcat/websocket/pojo/PojoEndpointServer done
Event: 6.637 loading class org/apache/tomcat/websocket/pojo/PojoEndpointServer
Event: 6.637 loading class org/apache/tomcat/websocket/pojo/PojoEndpointServer done
Event: 6.642 Thread 0x0000013f28cbd000 Uncommon trap: trap_request=0xffffff65 fr.pc=0x0000013f0cfde868
Event: 6.642 Thread 0x0000013f28cbd000 DEOPT PACKING pc=0x0000013f0cfde868 sp=0x0000000eb3dfe420
Event: 6.642 Thread 0x0000013f28cbd000 DEOPT UNPACKING pc=0x0000013f0c4b5583 sp=0x0000000eb3dfe400 mode 2
Event: 6.645 Thread 0x0000013f2291b800 flushing nmethod 0x0000013f0c801bd0
Event: 6.645 Thread 0x0000013f2291b800 flushing nmethod 0x0000013f0c808410
Event: 6.645 Thread 0x0000013f2291b800 flushing nmethod 0x0000013f0c829190


Dynamic libraries:
0x00007ff78f770000 - 0x00007ff78f7aa000 	C:\Users\Administrator\.jdks\corretto-1.8.0_352\bin\java.exe
0x00007fff9e890000 - 0x00007fff9ea85000 	C:\Windows\SYSTEM32\ntdll.dll
0x00007fff9d960000 - 0x00007fff9da1e000 	C:\Windows\System32\KERNEL32.DLL
0x00007fff9c2e0000 - 0x00007fff9c5a8000 	C:\Windows\System32\KERNELBASE.dll
0x00007fff9dee0000 - 0x00007fff9df8c000 	C:\Windows\System32\ADVAPI32.dll
0x00007fff9de40000 - 0x00007fff9dede000 	C:\Windows\System32\msvcrt.dll
0x00007fff9d7a0000 - 0x00007fff9d83b000 	C:\Windows\System32\sechost.dll
0x00007fff9e4f0000 - 0x00007fff9e61a000 	C:\Windows\System32\RPCRT4.dll
0x00007fff9daf0000 - 0x00007fff9dc91000 	C:\Windows\System32\USER32.dll
0x00007fff9c2b0000 - 0x00007fff9c2d2000 	C:\Windows\System32\win32u.dll
0x00007fff9d480000 - 0x00007fff9d4ab000 	C:\Windows\System32\GDI32.dll
0x00007fff9c640000 - 0x00007fff9c74d000 	C:\Windows\System32\gdi32full.dll
0x00007fff9c750000 - 0x00007fff9c7ed000 	C:\Windows\System32\msvcp_win.dll
0x00007fff9c160000 - 0x00007fff9c260000 	C:\Windows\System32\ucrtbase.dll
0x00007fff99330000 - 0x00007fff995ca000 	C:\Windows\WinSxS\amd64_microsoft.windows.common-controls_6595b64144ccf1df_6.0.19041.1110_none_60b5254171f9507e\COMCTL32.dll
0x00007fff9cd00000 - 0x00007fff9cd30000 	C:\Windows\System32\IMM32.DLL
0x000000006fc70000 - 0x000000006fc7c000 	C:\Program Files (x86)\360\360Safe\safemon\SafeWrapper.dll
0x00007fff817b0000 - 0x00007fff81842000 	C:\Program Files (x86)\360\360Safe\safemon\libzdtp64.dll
0x00007fff9cd30000 - 0x00007fff9d474000 	C:\Windows\System32\SHELL32.dll
0x00007fff9e620000 - 0x00007fff9e675000 	C:\Windows\System32\SHLWAPI.dll
0x00007fff9bce0000 - 0x00007fff9bcea000 	C:\Windows\SYSTEM32\VERSION.dll
0x00007fff77800000 - 0x00007fff778ef000 	C:\Users\Administrator\.jdks\corretto-1.8.0_352\jre\bin\msvcr120.dll
0x00007fff77750000 - 0x00007fff777f6000 	C:\Users\Administrator\.jdks\corretto-1.8.0_352\jre\bin\msvcp120.dll
0x000000006f1c0000 - 0x000000006fa36000 	C:\Users\Administrator\.jdks\corretto-1.8.0_352\jre\bin\server\jvm.dll
0x00007fff9d4b0000 - 0x00007fff9d4b8000 	C:\Windows\System32\PSAPI.DLL
0x00007fff9aee0000 - 0x00007fff9aee9000 	C:\Windows\SYSTEM32\WSOCK32.dll
0x00007fff88e00000 - 0x00007fff88e27000 	C:\Windows\SYSTEM32\WINMM.dll
0x00007fff9da20000 - 0x00007fff9da8b000 	C:\Windows\System32\WS2_32.dll
0x00007fff96320000 - 0x00007fff9632f000 	C:\Users\Administrator\.jdks\corretto-1.8.0_352\jre\bin\verify.dll
0x00007fff94120000 - 0x00007fff94149000 	C:\Users\Administrator\.jdks\corretto-1.8.0_352\jre\bin\java.dll
0x00007fff8a120000 - 0x00007fff8a14a000 	C:\Users\Administrator\.jdks\corretto-1.8.0_352\jre\bin\instrument.dll
0x00007fff94100000 - 0x00007fff94116000 	C:\Users\Administrator\.jdks\corretto-1.8.0_352\jre\bin\zip.dll
0x00007fff99720000 - 0x00007fff99eb4000 	C:\Windows\SYSTEM32\windows.storage.dll
0x00007fff9c9a0000 - 0x00007fff9ccf5000 	C:\Windows\System32\combase.dll
0x00007fff9b510000 - 0x00007fff9b53e000 	C:\Windows\SYSTEM32\Wldp.dll
0x00007fff9dca0000 - 0x00007fff9dd4d000 	C:\Windows\System32\SHCORE.dll
0x00007fff9bee0000 - 0x00007fff9beff000 	C:\Windows\SYSTEM32\profapi.dll
0x00007fff95b80000 - 0x00007fff95b9a000 	D:\JavaCode\IDEA\idea\bin\breakgen64.dll
0x00007fff93b20000 - 0x00007fff93b3a000 	C:\Users\Administrator\.jdks\corretto-1.8.0_352\jre\bin\net.dll
0x00007fff9b290000 - 0x00007fff9b2fa000 	C:\Windows\system32\mswsock.dll
0x00007fff9bcb0000 - 0x00007fff9bcc8000 	C:\Windows\SYSTEM32\CRYPTSP.dll
0x00007fff9a6b0000 - 0x00007fff9a6e4000 	C:\Windows\system32\rsaenh.dll
0x00007fff9c8a0000 - 0x00007fff9c8c7000 	C:\Windows\System32\bcrypt.dll
0x00007fff9bea0000 - 0x00007fff9bece000 	C:\Windows\SYSTEM32\USERENV.dll
0x00007fff9c5b0000 - 0x00007fff9c632000 	C:\Windows\System32\bcryptprimitives.dll
0x00007fff9b480000 - 0x00007fff9b48c000 	C:\Windows\SYSTEM32\CRYPTBASE.dll
0x00007fff9af80000 - 0x00007fff9afbb000 	C:\Windows\SYSTEM32\IPHLPAPI.DLL
0x00007fff9e840000 - 0x00007fff9e848000 	C:\Windows\System32\NSI.dll
0x00007fff8c6f0000 - 0x00007fff8c707000 	C:\Windows\SYSTEM32\dhcpcsvc6.DLL
0x00007fff950b0000 - 0x00007fff950cd000 	C:\Windows\SYSTEM32\dhcpcsvc.DLL
0x00007fff9afc0000 - 0x00007fff9b08b000 	C:\Windows\SYSTEM32\DNSAPI.dll
0x00007fff89ea0000 - 0x00007fff89eb2000 	C:\Users\Administrator\.jdks\corretto-1.8.0_352\jre\bin\nio.dll
0x00007fff96490000 - 0x00007fff9649a000 	C:\Users\Administrator\AppData\Local\Temp\jansi-1.17.1-5841027640746239961.dll
0x00007fff88ab0000 - 0x00007fff88aba000 	C:\Users\Administrator\AppData\Local\Temp\jansi-1.17.1-8280172268532532440.dll
0x00007fff9af10000 - 0x00007fff9af1d000 	C:\Users\Administrator\.jdks\corretto-1.8.0_352\jre\bin\management.dll

VM Arguments:
jvm_args: -Dmaven.multiModuleProjectDirectory=D:\JavaCode\IDEA\javaee -Dmaven.home=E:\ideaMaven\apache-maven-3.6.3 -Dclassworlds.conf=E:\ideaMaven\apache-maven-3.6.3\bin\m2.conf -Dmaven.ext.class.path=D:\JavaCode\IDEA\idea\plugins\maven\lib\maven-event-listener.jar -javaagent:D:\JavaCode\IDEA\idea\lib\idea_rt.jar=53677:D:\JavaCode\IDEA\idea\bin -Dfile.encoding=UTF-8 
java_command: org.codehaus.classworlds.Launcher -Didea.version=2021.1.3 -s E:\ideaMaven\apache-maven-3.6.3\conf\settings.xml tomcat7:run
java_class_path (initial): E:\ideaMaven\apache-maven-3.6.3\boot\plexus-classworlds-2.6.0.jar;E:\ideaMaven\apache-maven-3.6.3\boot\plexus-classworlds.license;D:\JavaCode\IDEA\idea\lib\idea_rt.jar
Launcher Type: SUN_STANDARD

Environment Variables:
JAVA_HOME=D:\JavaCode\JDK11.6
PATH=E:\VM\VM15.5\bin\;%JAVA_HOME%\bin;E:\ideaMaven\apache-maven-3.6.3\bin;%IDEA_HOME%\bin;E:\app\Administrator\product\11.2.0\dbhome_1\bin;C:\Windows\system32;C:\Windows;C:\Windows\System32\Wbem;C:\Windows\System32\WindowsPowerShell\v1.0\;C:\Windows\System32\OpenSSH\;C:\Program Files\Microsoft SQL Server\Client SDK\ODBC\170\Tools\Binn\;C:\Program Files (x86)\Microsoft SQL Server\150\Tools\Binn\;C:\Program Files\Microsoft SQL Server\150\Tools\Binn\;C:\Program Files\Microsoft SQL Server\150\DTS\Binn\;C:\Program Files (x86)\Microsoft SQL Server\150\DTS\Binn\;C:\Program Files\Azure Data Studio\bin;C:\Program Files\dotnet\;D:\nodeJS\;D:\MySQL\Program Files\MySQL\MySQL Server 8.0\bin;E:\ideaMaven\apache-maven-3.6.3\bin;D:\GitHub\Git\cmd;E:\Redis\redis\;E:\ideaMaven\apache-maven-3.5.2\bin;D:\MySQL\Program Files\MySQL\MySQL Shell 8.0\bin\;C:\Users\Administrator\AppData\Local\Programs\Python\Python310\Scripts\;C:\Users\Administrator\AppData\Local\Programs\Python\Python310\;C:\Users\Administrator\AppData\Local\Microsoft\WindowsApps;D:\JavaCode\JDK11.6\bin;C:\Program Files\Azure Data Studio\bin;C:\Users\Administrator\.dotnet\tools;D:\Python Code\PyCharm\PyCharm Community Edition 2021.2\bin;;D:\vsCode\Microsoft VS Code\bin;C:\Users\Administrator\AppData\Roaming\npm;E:\phpstudy_pro\Extensions\php\php7.3.4nts;
USERNAME=Administrator
OS=Windows_NT
PROCESSOR_IDENTIFIER=Intel64 Family 6 Model 142 Stepping 11, GenuineIntel



---------------  S Y S T E M  ---------------

OS: Windows 10 , 64 bit Build 19041 (10.0.19041.1348)

CPU:total 8 (initial active 8) (4 cores per cpu, 2 threads per core) family 6 model 142 stepping 11, cmov, cx8, fxsr, mmx, sse, sse2, sse3, ssse3, sse4.1, sse4.2, popcnt, avx, avx2, aes, clmul, erms, 3dnowpref, lzcnt, ht, tsc, tscinvbit, bmi1, bmi2, adx

Memory: 4k page, physical 8273208k(2510864k free), swap 11642168k(668k free)

vm_info: OpenJDK 64-Bit Server VM (25.352-b08) for windows-amd64 JRE (1.8.0_352-b08), built on Oct 14 2022 21:22:09 by "Administrator" with MS VC++ 12.0 (VS2013)

time: Sun Mar 19 10:46:13 2023
timezone: 中国标准时间
elapsed time: 6.941437 seconds (0d 0h 0m 6s)

