#
# There is insufficient memory for the Java Runtime Environment to continue.
# Native memory allocation (malloc) failed to allocate 991936 bytes for Chunk::new
# Possible reasons:
#   The system is out of physical RAM or swap space
#   The process is running with CompressedOops enabled, and the Java Heap may be blocking the growth of the native heap
# Possible solutions:
#   Reduce memory load on the system
#   Increase physical memory or swap space
#   Check if swap backing store is full
#   Decrease Java heap size (-Xmx/-Xms)
#   Decrease number of Java threads
#   Decrease Java thread stack sizes (-Xss)
#   Set larger code cache with -XX:ReservedCodeCacheSize=
#   JVM is running with Unscaled Compressed Oops mode in which the Java heap is
#     placed in the first 4GB address space. The Java Heap base address is the
#     maximum limit for the native heap growth. Please use -XX:HeapBaseMinAddress
#     to set the Java Heap base and to place the Java Heap above 4GB virtual address.
# This output file may be truncated or incomplete.
#
#  Out of Memory Error (allocation.cpp:389), pid=6236, tid=0x00000000000020d4
#
# JRE version: OpenJDK Runtime Environment (8.0_352-b08) (build 1.8.0_352-b08)
# Java VM: OpenJDK 64-Bit Server VM (25.352-b08 mixed mode windows-amd64 compressed oops)
# Failed to write core dump. Minidumps are not enabled by default on client versions of Windows
#

---------------  T H R E A D  ---------------

Current thread (0x0000022f2ca91800):  JavaThread "C2 CompilerThread0" daemon [_thread_in_native, id=8404, stack(0x000000e5f9200000,0x000000e5f9300000)]

Stack: [0x000000e5f9200000,0x000000e5f9300000]
[error occurred during error reporting (printing stack bounds), id 0xc0000005]

Native frames: (J=compiled Java code, j=interpreted, Vv=VM code, C=native code)


Current CompileTask:
C2:   3448 3289       4       java.net.URLClassLoader$1::run (5 bytes)


---------------  P R O C E S S  ---------------

Java Threads: ( => current thread )
  0x0000022f2cb4e000 JavaThread "Service Thread" daemon [_thread_blocked, id=12032, stack(0x000000e5f9600000,0x000000e5f9700000)]
  0x0000022f2caa3000 JavaThread "C1 CompilerThread3" daemon [_thread_blocked, id=6400, stack(0x000000e5f9500000,0x000000e5f9600000)]
  0x0000022f2ca98800 JavaThread "C2 CompilerThread2" daemon [_thread_in_native, id=14396, stack(0x000000e5f9400000,0x000000e5f9500000)]
  0x0000022f2ca97800 JavaThread "C2 CompilerThread1" daemon [_thread_in_native, id=20844, stack(0x000000e5f9300000,0x000000e5f9400000)]
=>0x0000022f2ca91800 JavaThread "C2 CompilerThread0" daemon [_thread_in_native, id=8404, stack(0x000000e5f9200000,0x000000e5f9300000)]
  0x0000022f2ca8c800 JavaThread "Monitor Ctrl-Break" daemon [_thread_in_native, id=22284, stack(0x000000e5f9100000,0x000000e5f9200000)]
  0x0000022f2ad65000 JavaThread "Attach Listener" daemon [_thread_blocked, id=15724, stack(0x000000e5f9000000,0x000000e5f9100000)]
  0x0000022f2ad64800 JavaThread "Signal Dispatcher" daemon [_thread_blocked, id=7460, stack(0x000000e5f8f00000,0x000000e5f9000000)]
  0x0000022f2acec000 JavaThread "Finalizer" daemon [_thread_blocked, id=9528, stack(0x000000e5f8e00000,0x000000e5f8f00000)]
  0x0000022f2ace4000 JavaThread "Reference Handler" daemon [_thread_blocked, id=3408, stack(0x000000e5f8d00000,0x000000e5f8e00000)]
  0x0000022f14774000 JavaThread "main" [_thread_in_vm, id=10384, stack(0x000000e5f8300000,0x000000e5f8400000)]

Other Threads:
  0x0000022f2acb0800 VMThread [stack: 0x000000e5f8c00000,0x000000e5f8d00000] [id=14044]
  0x0000022f2cb52000 WatcherThread [stack: 0x000000e5f9700000,0x000000e5f9800000] [id=1224]

VM state:not at safepoint (normal execution)

VM Mutex/Monitor currently owned by a thread: None

heap address: 0x0000000081c00000, size: 2020 MB, Compressed Oops mode: 32-bit
Narrow klass base: 0x0000000000000000, Narrow klass shift: 3
Compressed class space size: 1073741824 Address: 0x0000000100000000

Heap:
 PSYoungGen      total 71680K, used 15768K [0x00000000d5f00000, 0x00000000df500000, 0x0000000100000000)
  eden space 66560K, 16% used [0x00000000d5f00000,0x00000000d696c080,0x00000000da000000)
  from space 5120K, 99% used [0x00000000da000000,0x00000000da4fa060,0x00000000da500000)
  to   space 10240K, 0% used [0x00000000deb00000,0x00000000deb00000,0x00000000df500000)
 ParOldGen       total 87552K, used 11859K [0x0000000081c00000, 0x0000000087180000, 0x00000000d5f00000)
  object space 87552K, 13% used [0x0000000081c00000,0x0000000082794ff8,0x0000000087180000)
 Metaspace       used 19466K, capacity 19986K, committed 20096K, reserved 1067008K
  class space    used 2278K, capacity 2426K, committed 2432K, reserved 1048576K

Card table byte_map: [0x0000022f259b0000,0x0000022f25db0000] byte_map_base: 0x0000022f255a2000

Marking Bits: (ParMarkBitMap*) 0x000000006f9b7820
 Begin Bits: [0x0000022f26060000, 0x0000022f27ff0000)
 End Bits:   [0x0000022f27ff0000, 0x0000022f29f80000)

Polling page: 0x0000022f14920000

CodeCache: size=245760Kb used=11658Kb max_used=11670Kb free=234101Kb
 bounds [0x0000022f165f0000, 0x0000022f17170000, 0x0000022f255f0000]
 total_blobs=3736 nmethods=3354 adapters=294
 compilation: enabled

Compilation events (10 events):
Event: 3.405 Thread 0x0000022f2caa3000 3345       3       java.lang.ClassLoader::getResource (36 bytes)
Event: 3.405 Thread 0x0000022f2caa3000 nmethod 3345 0x0000022f1714e510 code [0x0000022f1714e6e0, 0x0000022f1714ed60]
Event: 3.405 Thread 0x0000022f2caa3000 3347 %     3       java.util.Properties$LineReader::readLine @ 21 (468 bytes)
Event: 3.408 Thread 0x0000022f2caa3000 nmethod 3347% 0x0000022f1714efd0 code [0x0000022f1714f280, 0x0000022f17150db0]
Event: 3.408 Thread 0x0000022f2caa3000 3346       3       java.net.URL::getDefaultPort (8 bytes)
Event: 3.408 Thread 0x0000022f2caa3000 nmethod 3346 0x0000022f171518d0 code [0x0000022f17151a40, 0x0000022f17151c70]
Event: 3.408 Thread 0x0000022f2caa3000 3348       1       java.util.logging.Logger::getName (5 bytes)
Event: 3.408 Thread 0x0000022f2caa3000 nmethod 3348 0x0000022f17151d10 code [0x0000022f17151e60, 0x0000022f17151f78]
Event: 3.417 Thread 0x0000022f2caa3000 3349       3       java.util.jar.Manifest::getAttributes (14 bytes)
Event: 3.417 Thread 0x0000022f2caa3000 nmethod 3349 0x0000022f17151fd0 code [0x0000022f17152140, 0x0000022f171524d0]

GC Heap History (10 events):
Event: 0.926 GC heap before
{Heap before GC invocations=1 (full 0):
 PSYoungGen      total 38400K, used 33280K [0x00000000d5f00000, 0x00000000d8980000, 0x0000000100000000)
  eden space 33280K, 100% used [0x00000000d5f00000,0x00000000d7f80000,0x00000000d7f80000)
  from space 5120K, 0% used [0x00000000d8480000,0x00000000d8480000,0x00000000d8980000)
  to   space 5120K, 0% used [0x00000000d7f80000,0x00000000d7f80000,0x00000000d8480000)
 ParOldGen       total 87552K, used 0K [0x0000000081c00000, 0x0000000087180000, 0x00000000d5f00000)
  object space 87552K, 0% used [0x0000000081c00000,0x0000000081c00000,0x0000000087180000)
 Metaspace       used 8947K, capacity 9020K, committed 9088K, reserved 1056768K
  class space    used 1060K, capacity 1112K, committed 1152K, reserved 1048576K
Event: 0.930 GC heap after
Heap after GC invocations=1 (full 0):
 PSYoungGen      total 38400K, used 5111K [0x00000000d5f00000, 0x00000000d8980000, 0x0000000100000000)
  eden space 33280K, 0% used [0x00000000d5f00000,0x00000000d5f00000,0x00000000d7f80000)
  from space 5120K, 99% used [0x00000000d7f80000,0x00000000d847dcc8,0x00000000d8480000)
  to   space 5120K, 0% used [0x00000000d8480000,0x00000000d8480000,0x00000000d8980000)
 ParOldGen       total 87552K, used 366K [0x0000000081c00000, 0x0000000087180000, 0x00000000d5f00000)
  object space 87552K, 0% used [0x0000000081c00000,0x0000000081c5bae8,0x0000000087180000)
 Metaspace       used 8947K, capacity 9020K, committed 9088K, reserved 1056768K
  class space    used 1060K, capacity 1112K, committed 1152K, reserved 1048576K
}
Event: 1.300 GC heap before
{Heap before GC invocations=2 (full 0):
 PSYoungGen      total 38400K, used 38391K [0x00000000d5f00000, 0x00000000d8980000, 0x0000000100000000)
  eden space 33280K, 100% used [0x00000000d5f00000,0x00000000d7f80000,0x00000000d7f80000)
  from space 5120K, 99% used [0x00000000d7f80000,0x00000000d847dcc8,0x00000000d8480000)
  to   space 5120K, 0% used [0x00000000d8480000,0x00000000d8480000,0x00000000d8980000)
 ParOldGen       total 87552K, used 366K [0x0000000081c00000, 0x0000000087180000, 0x00000000d5f00000)
  object space 87552K, 0% used [0x0000000081c00000,0x0000000081c5bae8,0x0000000087180000)
 Metaspace       used 11911K, capacity 12146K, committed 12288K, reserved 1060864K
  class space    used 1444K, capacity 1510K, committed 1536K, reserved 1048576K
Event: 1.305 GC heap after
Heap after GC invocations=2 (full 0):
 PSYoungGen      total 38400K, used 5113K [0x00000000d5f00000, 0x00000000d8980000, 0x0000000100000000)
  eden space 33280K, 0% used [0x00000000d5f00000,0x00000000d5f00000,0x00000000d7f80000)
  from space 5120K, 99% used [0x00000000d8480000,0x00000000d897e6f8,0x00000000d8980000)
  to   space 5120K, 0% used [0x00000000d7f80000,0x00000000d7f80000,0x00000000d8480000)
 ParOldGen       total 87552K, used 2242K [0x0000000081c00000, 0x0000000087180000, 0x00000000d5f00000)
  object space 87552K, 2% used [0x0000000081c00000,0x0000000081e30910,0x0000000087180000)
 Metaspace       used 11911K, capacity 12146K, committed 12288K, reserved 1060864K
  class space    used 1444K, capacity 1510K, committed 1536K, reserved 1048576K
}
Event: 1.851 GC heap before
{Heap before GC invocations=3 (full 0):
 PSYoungGen      total 38400K, used 38393K [0x00000000d5f00000, 0x00000000d8980000, 0x0000000100000000)
  eden space 33280K, 100% used [0x00000000d5f00000,0x00000000d7f80000,0x00000000d7f80000)
  from space 5120K, 99% used [0x00000000d8480000,0x00000000d897e6f8,0x00000000d8980000)
  to   space 5120K, 0% used [0x00000000d7f80000,0x00000000d7f80000,0x00000000d8480000)
 ParOldGen       total 87552K, used 2242K [0x0000000081c00000, 0x0000000087180000, 0x00000000d5f00000)
  object space 87552K, 2% used [0x0000000081c00000,0x0000000081e30910,0x0000000087180000)
 Metaspace       used 15829K, capacity 16170K, committed 16384K, reserved 1062912K
  class space    used 1910K, capacity 2006K, committed 2048K, reserved 1048576K
Event: 1.859 GC heap after
Heap after GC invocations=3 (full 0):
 PSYoungGen      total 38400K, used 5112K [0x00000000d5f00000, 0x00000000daa00000, 0x0000000100000000)
  eden space 33280K, 0% used [0x00000000d5f00000,0x00000000d5f00000,0x00000000d7f80000)
  from space 5120K, 99% used [0x00000000d7f80000,0x00000000d847e030,0x00000000d8480000)
  to   space 5120K, 0% used [0x00000000da500000,0x00000000da500000,0x00000000daa00000)
 ParOldGen       total 87552K, used 5479K [0x0000000081c00000, 0x0000000087180000, 0x00000000d5f00000)
  object space 87552K, 6% used [0x0000000081c00000,0x0000000082159d68,0x0000000087180000)
 Metaspace       used 15829K, capacity 16170K, committed 16384K, reserved 1062912K
  class space    used 1910K, capacity 2006K, committed 2048K, reserved 1048576K
}
Event: 2.431 GC heap before
{Heap before GC invocations=4 (full 0):
 PSYoungGen      total 38400K, used 38392K [0x00000000d5f00000, 0x00000000daa00000, 0x0000000100000000)
  eden space 33280K, 100% used [0x00000000d5f00000,0x00000000d7f80000,0x00000000d7f80000)
  from space 5120K, 99% used [0x00000000d7f80000,0x00000000d847e030,0x00000000d8480000)
  to   space 5120K, 0% used [0x00000000da500000,0x00000000da500000,0x00000000daa00000)
 ParOldGen       total 87552K, used 5479K [0x0000000081c00000, 0x0000000087180000, 0x00000000d5f00000)
  object space 87552K, 6% used [0x0000000081c00000,0x0000000082159d68,0x0000000087180000)
 Metaspace       used 17041K, capacity 17338K, committed 17536K, reserved 1064960K
  class space    used 2022K, capacity 2114K, committed 2176K, reserved 1048576K
Event: 2.440 GC heap after
Heap after GC invocations=4 (full 0):
 PSYoungGen      total 71680K, used 5112K [0x00000000d5f00000, 0x00000000daa00000, 0x0000000100000000)
  eden space 66560K, 0% used [0x00000000d5f00000,0x00000000d5f00000,0x00000000da000000)
  from space 5120K, 99% used [0x00000000da500000,0x00000000da9fe070,0x00000000daa00000)
  to   space 5120K, 0% used [0x00000000da000000,0x00000000da000000,0x00000000da500000)
 ParOldGen       total 87552K, used 7604K [0x0000000081c00000, 0x0000000087180000, 0x00000000d5f00000)
  object space 87552K, 8% used [0x0000000081c00000,0x000000008236d0b0,0x0000000087180000)
 Metaspace       used 17041K, capacity 17338K, committed 17536K, reserved 1064960K
  class space    used 2022K, capacity 2114K, committed 2176K, reserved 1048576K
}
Event: 3.329 GC heap before
{Heap before GC invocations=5 (full 0):
 PSYoungGen      total 71680K, used 71672K [0x00000000d5f00000, 0x00000000daa00000, 0x0000000100000000)
  eden space 66560K, 100% used [0x00000000d5f00000,0x00000000da000000,0x00000000da000000)
  from space 5120K, 99% used [0x00000000da500000,0x00000000da9fe070,0x00000000daa00000)
  to   space 5120K, 0% used [0x00000000da000000,0x00000000da000000,0x00000000da500000)
 ParOldGen       total 87552K, used 7604K [0x0000000081c00000, 0x0000000087180000, 0x00000000d5f00000)
  object space 87552K, 8% used [0x0000000081c00000,0x000000008236d0b0,0x0000000087180000)
 Metaspace       used 18641K, capacity 19142K, committed 19200K, reserved 1067008K
  class space    used 2156K, capacity 2298K, committed 2304K, reserved 1048576K
Event: 3.337 GC heap after
Heap after GC invocations=5 (full 0):
 PSYoungGen      total 71680K, used 5096K [0x00000000d5f00000, 0x00000000df500000, 0x0000000100000000)
  eden space 66560K, 0% used [0x00000000d5f00000,0x00000000d5f00000,0x00000000da000000)
  from space 5120K, 99% used [0x00000000da000000,0x00000000da4fa060,0x00000000da500000)
  to   space 10240K, 0% used [0x00000000deb00000,0x00000000deb00000,0x00000000df500000)
 ParOldGen       total 87552K, used 11859K [0x0000000081c00000, 0x0000000087180000, 0x00000000d5f00000)
  object space 87552K, 13% used [0x0000000081c00000,0x0000000082794ff8,0x0000000087180000)
 Metaspace       used 18641K, capacity 19142K, committed 19200K, reserved 1067008K
  class space    used 2156K, capacity 2298K, committed 2304K, reserved 1048576K
}

Deoptimization events (10 events):
Event: 3.381 Thread 0x0000022f14774000 Uncommon trap: reason=class_check action=maybe_recompile pc=0x0000022f16f76dec method=java.util.Properties$LineReader.readLine()I @ 410
Event: 3.382 Thread 0x0000022f14774000 Uncommon trap: reason=unstable_if action=reinterpret pc=0x0000022f16fae924 method=org.codehaus.plexus.classworlds.realm.Entry.matches(Ljava/lang/String;)Z @ 20
Event: 3.390 Thread 0x0000022f14774000 Uncommon trap: reason=unstable_if action=reinterpret pc=0x0000022f16e036f8 method=sun.net.util.IPAddressUtil.scan(Ljava/lang/String;JJ[C)I @ 14
Event: 3.396 Thread 0x0000022f14774000 Uncommon trap: reason=unstable_if action=reinterpret pc=0x0000022f16f76ad8 method=java.util.Properties$LineReader.readLine()I @ 323
Event: 3.396 Thread 0x0000022f14774000 Uncommon trap: reason=unstable_if action=reinterpret pc=0x0000022f16f51a90 method=java.util.Properties$LineReader.readLine()I @ 323
Event: 3.396 Thread 0x0000022f14774000 Uncommon trap: reason=unstable_if action=reinterpret pc=0x0000022f16fbdd64 method=java.util.Properties.loadConvert([CII[C)Ljava/lang/String; @ 4
Event: 3.407 Thread 0x0000022f14774000 Uncommon trap: reason=bimorphic action=maybe_recompile pc=0x0000022f16fd7e84 method=java.util.LinkedHashMap.afterNodeInsertion(Z)V @ 15
Event: 3.407 Thread 0x0000022f14774000 Uncommon trap: reason=unstable_if action=reinterpret pc=0x0000022f16c29540 method=java.util.LinkedHashMap.get(Ljava/lang/Object;)Ljava/lang/Object; @ 20
Event: 3.411 Thread 0x0000022f14774000 Uncommon trap: reason=bimorphic action=maybe_recompile pc=0x0000022f16fd7e84 method=java.util.LinkedHashMap.afterNodeInsertion(Z)V @ 15
Event: 3.421 Thread 0x0000022f14774000 Uncommon trap: reason=bimorphic action=maybe_recompile pc=0x0000022f16fd7e84 method=java.util.LinkedHashMap.afterNodeInsertion(Z)V @ 15

Classes redefined (0 events):
No events

Internal exceptions (10 events):
Event: 0.204 Thread 0x0000022f14774000 Exception <a 'java/security/PrivilegedActionException'> (0x00000000d6457e48) thrown at [C:\wsjdk\Corretto8Src\installers\windows\zip\corretto-build\buildRoot\hotspot\src\share\vm\prims\jvm.cpp, line 1514]
Event: 1.536 Thread 0x0000022f14774000 Exception <a 'java/lang/NoClassDefFoundError': com/google/inject/servlet/ServletModuleTargetVisitor> (0x00000000d6e32468) thrown at [C:\wsjdk\Corretto8Src\installers\windows\zip\corretto-build\buildRoot\hotspot\src\share\vm\classfile\systemDictionary.cpp,
Event: 1.536 Thread 0x0000022f14774000 Exception <a 'java/lang/NoClassDefFoundError'> (0x00000000d6e32468) thrown at [C:\wsjdk\Corretto8Src\installers\windows\zip\corretto-build\buildRoot\hotspot\src\share\vm\prims\jvm.cpp, line 1518]
Event: 1.536 Thread 0x0000022f14774000 Exception <a 'java/lang/NoClassDefFoundError': javax/annotation/Priority> (0x00000000d6e37260) thrown at [C:\wsjdk\Corretto8Src\installers\windows\zip\corretto-build\buildRoot\hotspot\src\share\vm\classfile\systemDictionary.cpp, line 206]
Event: 1.619 Thread 0x0000022f14774000 Implicit null exception at 0x0000022f16700795 to 0x0000022f16700969
Event: 1.942 Thread 0x0000022f14774000 Implicit null exception at 0x0000022f1696d3db to 0x0000022f1696d865
Event: 1.943 Thread 0x0000022f14774000 Implicit null exception at 0x0000022f16874295 to 0x0000022f16874491
Event: 1.943 Thread 0x0000022f14774000 Implicit null exception at 0x0000022f16a2156f to 0x0000022f16a215d9
Event: 1.958 Thread 0x0000022f14774000 Implicit null exception at 0x0000022f16c65eae to 0x0000022f16c6723d
Event: 3.395 Thread 0x0000022f14774000 Exception <a 'java/io/FileNotFoundException'> (0x00000000d6432848) thrown at [C:\wsjdk\Corretto8Src\installers\windows\zip\corretto-build\buildRoot\hotspot\src\share\vm\prims\jni.cpp, line 711]

Events (10 events):
Event: 3.421 loading class org/apache/catalina/core/LocalStrings_zh_Hans_CN done
Event: 3.421 loading class org/apache/catalina/core/LocalStrings_zh_Hans_CN
Event: 3.421 loading class org/apache/catalina/core/LocalStrings_zh_Hans_CN done
Event: 3.421 Thread 0x0000022f14774000 Uncommon trap: trap_request=0xffffffc6 fr.pc=0x0000022f16fd7e84
Event: 3.421 Thread 0x0000022f14774000 DEOPT PACKING pc=0x0000022f16fd7e84 sp=0x000000e5f83fd660
Event: 3.421 Thread 0x0000022f14774000 DEOPT UNPACKING pc=0x0000022f16635583 sp=0x000000e5f83fd5e0 mode 2
Event: 3.421 loading class org/apache/catalina/core/StandardPipeline
Event: 3.421 loading class org/apache/catalina/core/StandardPipeline done
Event: 3.421 loading class org/apache/catalina/core/StandardPipeline
Event: 3.421 loading class org/apache/catalina/core/StandardPipeline done


Dynamic libraries:
0x00007ff78f770000 - 0x00007ff78f7aa000 	C:\Users\Administrator\.jdks\corretto-1.8.0_352\bin\java.exe
0x00007fff9e890000 - 0x00007fff9ea85000 	C:\Windows\SYSTEM32\ntdll.dll
0x00007fff9d960000 - 0x00007fff9da1e000 	C:\Windows\System32\KERNEL32.DLL
0x00007fff9c2e0000 - 0x00007fff9c5a8000 	C:\Windows\System32\KERNELBASE.dll
0x00007fff9dee0000 - 0x00007fff9df8c000 	C:\Windows\System32\ADVAPI32.dll
0x00007fff9de40000 - 0x00007fff9dede000 	C:\Windows\System32\msvcrt.dll
0x00007fff9d7a0000 - 0x00007fff9d83b000 	C:\Windows\System32\sechost.dll
0x00007fff9e4f0000 - 0x00007fff9e61a000 	C:\Windows\System32\RPCRT4.dll
0x00007fff9daf0000 - 0x00007fff9dc91000 	C:\Windows\System32\USER32.dll
0x00007fff9c2b0000 - 0x00007fff9c2d2000 	C:\Windows\System32\win32u.dll
0x00007fff9d480000 - 0x00007fff9d4ab000 	C:\Windows\System32\GDI32.dll
0x00007fff9c640000 - 0x00007fff9c74d000 	C:\Windows\System32\gdi32full.dll
0x00007fff9c750000 - 0x00007fff9c7ed000 	C:\Windows\System32\msvcp_win.dll
0x00007fff9c160000 - 0x00007fff9c260000 	C:\Windows\System32\ucrtbase.dll
0x00007fff99330000 - 0x00007fff995ca000 	C:\Windows\WinSxS\amd64_microsoft.windows.common-controls_6595b64144ccf1df_6.0.19041.1110_none_60b5254171f9507e\COMCTL32.dll
0x00007fff9cd00000 - 0x00007fff9cd30000 	C:\Windows\System32\IMM32.DLL
0x000000006fc70000 - 0x000000006fc7c000 	C:\Program Files (x86)\360\360Safe\safemon\SafeWrapper.dll
0x00007fff817b0000 - 0x00007fff81842000 	C:\Program Files (x86)\360\360Safe\safemon\libzdtp64.dll
0x00007fff9cd30000 - 0x00007fff9d474000 	C:\Windows\System32\SHELL32.dll
0x00007fff9e620000 - 0x00007fff9e675000 	C:\Windows\System32\SHLWAPI.dll
0x00007fff9bce0000 - 0x00007fff9bcea000 	C:\Windows\SYSTEM32\VERSION.dll
0x00007fff77800000 - 0x00007fff778ef000 	C:\Users\Administrator\.jdks\corretto-1.8.0_352\jre\bin\msvcr120.dll
0x00007fff77750000 - 0x00007fff777f6000 	C:\Users\Administrator\.jdks\corretto-1.8.0_352\jre\bin\msvcp120.dll
0x000000006f1c0000 - 0x000000006fa36000 	C:\Users\Administrator\.jdks\corretto-1.8.0_352\jre\bin\server\jvm.dll
0x00007fff9d4b0000 - 0x00007fff9d4b8000 	C:\Windows\System32\PSAPI.DLL
0x00007fff88e00000 - 0x00007fff88e27000 	C:\Windows\SYSTEM32\WINMM.dll
0x00007fff9aee0000 - 0x00007fff9aee9000 	C:\Windows\SYSTEM32\WSOCK32.dll
0x00007fff9da20000 - 0x00007fff9da8b000 	C:\Windows\System32\WS2_32.dll
0x00007fff96320000 - 0x00007fff9632f000 	C:\Users\Administrator\.jdks\corretto-1.8.0_352\jre\bin\verify.dll
0x00007fff94120000 - 0x00007fff94149000 	C:\Users\Administrator\.jdks\corretto-1.8.0_352\jre\bin\java.dll
0x00007fff8a120000 - 0x00007fff8a14a000 	C:\Users\Administrator\.jdks\corretto-1.8.0_352\jre\bin\instrument.dll
0x00007fff94100000 - 0x00007fff94116000 	C:\Users\Administrator\.jdks\corretto-1.8.0_352\jre\bin\zip.dll
0x00007fff99720000 - 0x00007fff99eb4000 	C:\Windows\SYSTEM32\windows.storage.dll
0x00007fff9c9a0000 - 0x00007fff9ccf5000 	C:\Windows\System32\combase.dll
0x00007fff9b510000 - 0x00007fff9b53e000 	C:\Windows\SYSTEM32\Wldp.dll
0x00007fff9dca0000 - 0x00007fff9dd4d000 	C:\Windows\System32\SHCORE.dll
0x00007fff9bee0000 - 0x00007fff9beff000 	C:\Windows\SYSTEM32\profapi.dll
0x00007fff95b80000 - 0x00007fff95b9a000 	D:\JavaCode\IDEA\idea\bin\breakgen64.dll
0x00007fff93b20000 - 0x00007fff93b3a000 	C:\Users\Administrator\.jdks\corretto-1.8.0_352\jre\bin\net.dll
0x00007fff9b290000 - 0x00007fff9b2fa000 	C:\Windows\system32\mswsock.dll
0x00007fff9bcb0000 - 0x00007fff9bcc8000 	C:\Windows\SYSTEM32\CRYPTSP.dll
0x00007fff9a6b0000 - 0x00007fff9a6e4000 	C:\Windows\system32\rsaenh.dll
0x00007fff9c8a0000 - 0x00007fff9c8c7000 	C:\Windows\System32\bcrypt.dll
0x00007fff9bea0000 - 0x00007fff9bece000 	C:\Windows\SYSTEM32\USERENV.dll
0x00007fff9c5b0000 - 0x00007fff9c632000 	C:\Windows\System32\bcryptprimitives.dll
0x00007fff9b480000 - 0x00007fff9b48c000 	C:\Windows\SYSTEM32\CRYPTBASE.dll
0x00007fff9af80000 - 0x00007fff9afbb000 	C:\Windows\SYSTEM32\IPHLPAPI.DLL
0x00007fff9e840000 - 0x00007fff9e848000 	C:\Windows\System32\NSI.dll
0x00007fff8c6f0000 - 0x00007fff8c707000 	C:\Windows\SYSTEM32\dhcpcsvc6.DLL
0x00007fff950b0000 - 0x00007fff950cd000 	C:\Windows\SYSTEM32\dhcpcsvc.DLL
0x00007fff9afc0000 - 0x00007fff9b08b000 	C:\Windows\SYSTEM32\DNSAPI.dll
0x00007fff89ea0000 - 0x00007fff89eb2000 	C:\Users\Administrator\.jdks\corretto-1.8.0_352\jre\bin\nio.dll
0x00007fff96490000 - 0x00007fff9649a000 	C:\Users\Administrator\AppData\Local\Temp\jansi-1.17.1-7683004822598051929.dll
0x00007fff88ab0000 - 0x00007fff88aba000 	C:\Users\Administrator\AppData\Local\Temp\jansi-1.17.1-379302819056873415.dll

VM Arguments:
jvm_args: -Dmaven.multiModuleProjectDirectory=D:\JavaCode\IDEA\javaee -Dmaven.home=E:\ideaMaven\apache-maven-3.6.3 -Dclassworlds.conf=E:\ideaMaven\apache-maven-3.6.3\bin\m2.conf -Dmaven.ext.class.path=D:\JavaCode\IDEA\idea\plugins\maven\lib\maven-event-listener.jar -javaagent:D:\JavaCode\IDEA\idea\lib\idea_rt.jar=53690:D:\JavaCode\IDEA\idea\bin -Dfile.encoding=UTF-8 
java_command: org.codehaus.classworlds.Launcher -Didea.version=2021.1.3 -s E:\ideaMaven\apache-maven-3.6.3\conf\settings.xml tomcat7:run
java_class_path (initial): E:\ideaMaven\apache-maven-3.6.3\boot\plexus-classworlds-2.6.0.jar;E:\ideaMaven\apache-maven-3.6.3\boot\plexus-classworlds.license;D:\JavaCode\IDEA\idea\lib\idea_rt.jar
Launcher Type: SUN_STANDARD

Environment Variables:
JAVA_HOME=D:\JavaCode\JDK11.6
PATH=E:\VM\VM15.5\bin\;%JAVA_HOME%\bin;E:\ideaMaven\apache-maven-3.6.3\bin;%IDEA_HOME%\bin;E:\app\Administrator\product\11.2.0\dbhome_1\bin;C:\Windows\system32;C:\Windows;C:\Windows\System32\Wbem;C:\Windows\System32\WindowsPowerShell\v1.0\;C:\Windows\System32\OpenSSH\;C:\Program Files\Microsoft SQL Server\Client SDK\ODBC\170\Tools\Binn\;C:\Program Files (x86)\Microsoft SQL Server\150\Tools\Binn\;C:\Program Files\Microsoft SQL Server\150\Tools\Binn\;C:\Program Files\Microsoft SQL Server\150\DTS\Binn\;C:\Program Files (x86)\Microsoft SQL Server\150\DTS\Binn\;C:\Program Files\Azure Data Studio\bin;C:\Program Files\dotnet\;D:\nodeJS\;D:\MySQL\Program Files\MySQL\MySQL Server 8.0\bin;E:\ideaMaven\apache-maven-3.6.3\bin;D:\GitHub\Git\cmd;E:\Redis\redis\;E:\ideaMaven\apache-maven-3.5.2\bin;D:\MySQL\Program Files\MySQL\MySQL Shell 8.0\bin\;C:\Users\Administrator\AppData\Local\Programs\Python\Python310\Scripts\;C:\Users\Administrator\AppData\Local\Programs\Python\Python310\;C:\Users\Administrator\AppData\Local\Microsoft\WindowsApps;D:\JavaCode\JDK11.6\bin;C:\Program Files\Azure Data Studio\bin;C:\Users\Administrator\.dotnet\tools;D:\Python Code\PyCharm\PyCharm Community Edition 2021.2\bin;;D:\vsCode\Microsoft VS Code\bin;C:\Users\Administrator\AppData\Roaming\npm;E:\phpstudy_pro\Extensions\php\php7.3.4nts;
USERNAME=Administrator
OS=Windows_NT
PROCESSOR_IDENTIFIER=Intel64 Family 6 Model 142 Stepping 11, GenuineIntel



---------------  S Y S T E M  ---------------

OS: Windows 10 , 64 bit Build 19041 (10.0.19041.1348)

CPU:total 8 (initial active 8) (4 cores per cpu, 2 threads per core) family 6 model 142 stepping 11, cmov, cx8, fxsr, mmx, sse, sse2, sse3, ssse3, sse4.1, sse4.2, popcnt, avx, avx2, aes, clmul, erms, 3dnowpref, lzcnt, ht, tsc, tscinvbit, bmi1, bmi2, adx

Memory: 4k page, physical 8273208k(2075876k free), swap 11642168k(5816k free)

vm_info: OpenJDK 64-Bit Server VM (25.352-b08) for windows-amd64 JRE (1.8.0_352-b08), built on Oct 14 2022 21:22:09 by "Administrator" with MS VC++ 12.0 (VS2013)

time: Sun Mar 19 10:46:51 2023
timezone: 中国标准时间
elapsed time: 3.451971 seconds (0d 0h 0m 3s)

